2024-11-09 01:37:59,556 - __main__ - INFO - 读取到的API_KEY: 3d70d2b6241d32aa5d8c0a2f7a4ab5d1
2024-11-09 01:37:59,558 - __main__ - INFO - 机器人启动中...
2024-11-09 01:38:21,003 - __main__ - INFO - 收到消息：/端口扫描 61.157.206.130 1 65525
2024-11-09 01:38:21,003 - __main__ - INFO - 正在进行端口扫描，域名：61.157.206.130，端口范围：1-65525
2024-11-09 01:38:21,042 - __main__ - INFO - 端口 1 是关闭的。
2024-11-09 01:38:21,083 - __main__ - INFO - 端口 2 是关闭的。
2024-11-09 01:38:21,120 - __main__ - INFO - 端口 3 是关闭的。
2024-11-09 01:38:21,156 - __main__ - INFO - 端口 4 是关闭的。
2024-11-09 01:38:21,197 - __main__ - INFO - 端口 5 是关闭的。
2024-11-09 01:38:21,239 - __main__ - INFO - 端口 6 是关闭的。
2024-11-09 01:38:21,277 - __main__ - INFO - 端口 7 是关闭的。
2024-11-09 01:38:21,318 - __main__ - INFO - 端口 8 是关闭的。
2024-11-09 01:38:21,357 - __main__ - INFO - 端口 9 是关闭的。
2024-11-09 01:38:21,399 - __main__ - INFO - 端口 10 是关闭的。
2024-11-09 01:38:21,440 - __main__ - INFO - 端口 11 是关闭的。
2024-11-09 01:38:21,477 - __main__ - INFO - 端口 12 是关闭的。
2024-11-09 01:38:21,516 - __main__ - INFO - 端口 13 是关闭的。
2024-11-09 01:38:21,556 - __main__ - INFO - 端口 14 是关闭的。
2024-11-09 01:38:21,591 - __main__ - INFO - 端口 15 是关闭的。
2024-11-09 01:38:21,632 - __main__ - INFO - 端口 16 是关闭的。
2024-11-09 01:38:21,672 - __main__ - INFO - 端口 17 是关闭的。
2024-11-09 01:38:21,707 - __main__ - INFO - 端口 18 是关闭的。
2024-11-09 01:38:21,751 - __main__ - INFO - 端口 19 是关闭的。
2024-11-09 01:38:21,790 - __main__ - INFO - 端口 20 是关闭的。
2024-11-09 01:38:21,829 - __main__ - INFO - 端口 21 是关闭的。
2024-11-09 01:38:21,869 - __main__ - INFO - 端口 22 是关闭的。
2024-11-09 01:38:21,912 - __main__ - INFO - 端口 23 是关闭的。
2024-11-09 01:38:21,947 - __main__ - INFO - 端口 24 是关闭的。
2024-11-09 01:38:21,982 - __main__ - INFO - 端口 25 是关闭的。
2024-11-09 01:38:22,017 - __main__ - INFO - 端口 26 是关闭的。
2024-11-09 01:38:22,055 - __main__ - INFO - 端口 27 是关闭的。
2024-11-09 01:38:22,094 - __main__ - INFO - 端口 28 是关闭的。
2024-11-09 01:38:22,133 - __main__ - INFO - 端口 29 是关闭的。
2024-11-09 01:38:22,166 - __main__ - INFO - 端口 30 是关闭的。
2024-11-09 01:38:22,208 - __main__ - INFO - 端口 31 是关闭的。
2024-11-09 01:38:22,243 - __main__ - INFO - 端口 32 是关闭的。
2024-11-09 01:38:22,286 - __main__ - INFO - 端口 33 是关闭的。
2024-11-09 01:38:22,324 - __main__ - INFO - 端口 34 是关闭的。
2024-11-09 01:38:22,364 - __main__ - INFO - 端口 35 是关闭的。
2024-11-09 01:38:22,403 - __main__ - INFO - 端口 36 是关闭的。
2024-11-09 01:38:22,440 - __main__ - INFO - 端口 37 是关闭的。
2024-11-09 01:38:22,476 - __main__ - INFO - 端口 38 是关闭的。
2024-11-09 01:38:22,514 - __main__ - INFO - 端口 39 是关闭的。
2024-11-09 01:38:22,549 - __main__ - INFO - 端口 40 是关闭的。
2024-11-09 01:38:22,591 - __main__ - INFO - 端口 41 是关闭的。
2024-11-09 01:38:24,594 - __main__ - INFO - 端口 42 是关闭的。
2024-11-09 01:38:24,631 - __main__ - INFO - 端口 43 是关闭的。
2024-11-09 01:38:25,674 - __main__ - INFO - 端口 44 是关闭的。
2024-11-09 01:38:25,709 - __main__ - INFO - 端口 45 是关闭的。
2024-11-09 01:38:25,751 - __main__ - INFO - 端口 46 是关闭的。
2024-11-09 01:38:25,788 - __main__ - INFO - 端口 47 是关闭的。
2024-11-09 01:38:25,825 - __main__ - INFO - 端口 48 是关闭的。
2024-11-09 01:38:25,864 - __main__ - INFO - 端口 49 是关闭的。
2024-11-09 01:38:25,903 - __main__ - INFO - 端口 50 是关闭的。
2024-11-09 01:38:25,942 - __main__ - INFO - 端口 51 是关闭的。
2024-11-09 01:38:25,981 - __main__ - INFO - 端口 52 是关闭的。
2024-11-09 01:38:27,983 - __main__ - INFO - 端口 53 是关闭的。
2024-11-09 01:38:29,985 - __main__ - INFO - 端口 54 是关闭的。
2024-11-09 01:38:30,026 - __main__ - INFO - 端口 55 是关闭的。
2024-11-09 01:38:30,069 - __main__ - INFO - 端口 56 是关闭的。
2024-11-09 01:38:30,107 - __main__ - INFO - 端口 57 是关闭的。
2024-11-09 01:38:30,147 - __main__ - INFO - 端口 58 是关闭的。
2024-11-09 01:38:30,184 - __main__ - INFO - 端口 59 是关闭的。
2024-11-09 01:38:30,222 - __main__ - INFO - 端口 60 是关闭的。
2024-11-09 01:38:30,260 - __main__ - INFO - 端口 61 是关闭的。
2024-11-09 01:38:30,298 - __main__ - INFO - 端口 62 是关闭的。
2024-11-09 01:38:30,337 - __main__ - INFO - 端口 63 是关闭的。
2024-11-09 01:38:30,379 - __main__ - INFO - 端口 64 是关闭的。
2024-11-09 01:38:30,421 - __main__ - INFO - 端口 65 是关闭的。
2024-11-09 01:38:30,458 - __main__ - INFO - 端口 66 是关闭的。
2024-11-09 01:38:30,496 - __main__ - INFO - 端口 67 是关闭的。
2024-11-09 01:38:30,535 - __main__ - INFO - 端口 68 是关闭的。
2024-11-09 01:38:30,571 - __main__ - INFO - 端口 69 是关闭的。
2024-11-09 01:38:30,611 - __main__ - INFO - 端口 70 是关闭的。
2024-11-09 01:38:30,650 - __main__ - INFO - 端口 71 是关闭的。
2024-11-09 01:38:30,688 - __main__ - INFO - 端口 72 是关闭的。
2024-11-09 01:38:30,726 - __main__ - INFO - 端口 73 是关闭的。
2024-11-09 01:38:30,765 - __main__ - INFO - 端口 74 是关闭的。
2024-11-09 01:38:30,806 - __main__ - INFO - 端口 75 是关闭的。
2024-11-09 01:38:30,845 - __main__ - INFO - 端口 76 是关闭的。
2024-11-09 01:38:30,887 - __main__ - INFO - 端口 77 是关闭的。
2024-11-09 01:38:30,931 - __main__ - INFO - 端口 78 是关闭的。
2024-11-09 01:38:30,970 - __main__ - INFO - 端口 79 是关闭的。
2024-11-09 01:38:31,007 - __main__ - INFO - 端口 80 是开放的。
2024-11-09 01:38:31,046 - __main__ - INFO - 端口 81 是关闭的。
2024-11-09 01:38:31,082 - __main__ - INFO - 端口 82 是关闭的。
2024-11-09 01:38:31,118 - __main__ - INFO - 端口 83 是关闭的。
2024-11-09 01:38:31,160 - __main__ - INFO - 端口 84 是关闭的。
2024-11-09 01:38:31,197 - __main__ - INFO - 端口 85 是关闭的。
2024-11-09 01:38:31,239 - __main__ - INFO - 端口 86 是关闭的。
2024-11-09 01:38:31,281 - __main__ - INFO - 端口 87 是关闭的。
2024-11-09 01:38:31,318 - __main__ - INFO - 端口 88 是关闭的。
2024-11-09 01:38:31,357 - __main__ - INFO - 端口 89 是关闭的。
2024-11-09 01:38:31,398 - __main__ - INFO - 端口 90 是关闭的。
2024-11-09 01:38:31,444 - __main__ - INFO - 端口 91 是关闭的。
2024-11-09 01:38:31,483 - __main__ - INFO - 端口 92 是关闭的。
2024-11-09 01:38:31,517 - __main__ - INFO - 端口 93 是关闭的。
2024-11-09 01:38:31,553 - __main__ - INFO - 端口 94 是关闭的。
2024-11-09 01:38:31,591 - __main__ - INFO - 端口 95 是关闭的。
2024-11-09 01:38:31,628 - __main__ - INFO - 端口 96 是关闭的。
2024-11-09 01:38:31,666 - __main__ - INFO - 端口 97 是关闭的。
2024-11-09 01:38:31,704 - __main__ - INFO - 端口 98 是关闭的。
2024-11-09 01:38:31,745 - __main__ - INFO - 端口 99 是关闭的。
2024-11-09 01:38:31,782 - __main__ - INFO - 端口 100 是关闭的。
2024-11-09 01:38:31,822 - __main__ - INFO - 端口 101 是关闭的。
2024-11-09 01:38:31,865 - __main__ - INFO - 端口 102 是关闭的。
2024-11-09 01:38:31,906 - __main__ - INFO - 端口 103 是关闭的。
2024-11-09 01:38:31,941 - __main__ - INFO - 端口 104 是关闭的。
2024-11-09 01:38:31,980 - __main__ - INFO - 端口 105 是关闭的。
2024-11-09 01:38:32,023 - __main__ - INFO - 端口 106 是关闭的。
2024-11-09 01:38:32,064 - __main__ - INFO - 端口 107 是关闭的。
2024-11-09 01:38:32,106 - __main__ - INFO - 端口 108 是关闭的。
2024-11-09 01:38:32,141 - __main__ - INFO - 端口 109 是关闭的。
2024-11-09 01:38:32,180 - __main__ - INFO - 端口 110 是关闭的。
2024-11-09 01:38:32,221 - __main__ - INFO - 端口 111 是关闭的。
2024-11-09 01:38:32,261 - __main__ - INFO - 端口 112 是关闭的。
2024-11-09 01:38:32,298 - __main__ - INFO - 端口 113 是关闭的。
2024-11-09 01:38:32,334 - __main__ - INFO - 端口 114 是关闭的。
2024-11-09 01:38:32,371 - __main__ - INFO - 端口 115 是关闭的。
2024-11-09 01:38:32,411 - __main__ - INFO - 端口 116 是关闭的。
2024-11-09 01:38:32,450 - __main__ - INFO - 端口 117 是关闭的。
2024-11-09 01:38:32,486 - __main__ - INFO - 端口 118 是关闭的。
2024-11-09 01:38:32,526 - __main__ - INFO - 端口 119 是关闭的。
2024-11-09 01:38:32,561 - __main__ - INFO - 端口 120 是关闭的。
2024-11-09 01:38:32,602 - __main__ - INFO - 端口 121 是关闭的。
2024-11-09 01:38:32,641 - __main__ - INFO - 端口 122 是关闭的。
2024-11-09 01:38:32,680 - __main__ - INFO - 端口 123 是关闭的。
2024-11-09 01:38:32,719 - __main__ - INFO - 端口 124 是关闭的。
2024-11-09 01:38:32,755 - __main__ - INFO - 端口 125 是关闭的。
2024-11-09 01:38:32,795 - __main__ - INFO - 端口 126 是关闭的。
2024-11-09 01:38:32,838 - __main__ - INFO - 端口 127 是关闭的。
2024-11-09 01:38:32,876 - __main__ - INFO - 端口 128 是关闭的。
2024-11-09 01:38:32,915 - __main__ - INFO - 端口 129 是关闭的。
2024-11-09 01:38:32,953 - __main__ - INFO - 端口 130 是关闭的。
2024-11-09 01:38:32,991 - __main__ - INFO - 端口 131 是关闭的。
2024-11-09 01:38:33,028 - __main__ - INFO - 端口 132 是关闭的。
2024-11-09 01:38:33,072 - __main__ - INFO - 端口 133 是关闭的。
2024-11-09 01:38:33,113 - __main__ - INFO - 端口 134 是关闭的。
2024-11-09 01:38:35,115 - __main__ - INFO - 端口 135 是关闭的。
2024-11-09 01:38:35,156 - __main__ - INFO - 端口 136 是关闭的。
2024-11-09 01:38:37,158 - __main__ - INFO - 端口 137 是关闭的。
2024-11-09 01:38:39,160 - __main__ - INFO - 端口 138 是关闭的。
2024-11-09 01:38:41,163 - __main__ - INFO - 端口 139 是关闭的。
2024-11-09 01:38:41,204 - __main__ - INFO - 端口 140 是关闭的。
2024-11-09 01:38:42,254 - __main__ - INFO - 端口 141 是关闭的。
2024-11-09 01:38:42,290 - __main__ - INFO - 端口 142 是关闭的。
2024-11-09 01:38:42,331 - __main__ - INFO - 端口 143 是关闭的。
2024-11-09 01:38:42,368 - __main__ - INFO - 端口 144 是关闭的。
2024-11-09 01:38:42,403 - __main__ - INFO - 端口 145 是关闭的。
2024-11-09 01:38:42,444 - __main__ - INFO - 端口 146 是关闭的。
2024-11-09 01:38:42,487 - __main__ - INFO - 端口 147 是关闭的。
2024-11-09 01:38:42,525 - __main__ - INFO - 端口 148 是关闭的。
2024-11-09 01:38:42,564 - __main__ - INFO - 端口 149 是关闭的。
2024-11-09 01:38:42,601 - __main__ - INFO - 端口 150 是关闭的。
2024-11-09 01:38:42,639 - __main__ - INFO - 端口 151 是关闭的。
2024-11-09 01:38:42,676 - __main__ - INFO - 端口 152 是关闭的。
2024-11-09 01:38:42,715 - __main__ - INFO - 端口 153 是关闭的。
2024-11-09 01:38:42,751 - __main__ - INFO - 端口 154 是关闭的。
2024-11-09 01:38:42,787 - __main__ - INFO - 端口 155 是关闭的。
2024-11-09 01:38:42,822 - __main__ - INFO - 端口 156 是关闭的。
2024-11-09 01:38:42,859 - __main__ - INFO - 端口 157 是关闭的。
2024-11-09 01:38:42,902 - __main__ - INFO - 端口 158 是关闭的。
2024-11-09 01:38:42,937 - __main__ - INFO - 端口 159 是关闭的。
2024-11-09 01:38:42,975 - __main__ - INFO - 端口 160 是关闭的。
2024-11-09 01:38:43,016 - __main__ - INFO - 端口 161 是关闭的。
2024-11-09 01:38:43,054 - __main__ - INFO - 端口 162 是关闭的。
2024-11-09 01:38:43,098 - __main__ - INFO - 端口 163 是关闭的。
2024-11-09 01:38:43,139 - __main__ - INFO - 端口 164 是关闭的。
2024-11-09 01:38:43,181 - __main__ - INFO - 端口 165 是关闭的。
2024-11-09 01:38:43,220 - __main__ - INFO - 端口 166 是关闭的。
2024-11-09 01:38:43,261 - __main__ - INFO - 端口 167 是关闭的。
2024-11-09 01:38:43,298 - __main__ - INFO - 端口 168 是关闭的。
2024-11-09 01:38:43,335 - __main__ - INFO - 端口 169 是关闭的。
2024-11-09 01:38:43,371 - __main__ - INFO - 端口 170 是关闭的。
2024-11-09 01:38:43,407 - __main__ - INFO - 端口 171 是关闭的。
2024-11-09 01:38:43,442 - __main__ - INFO - 端口 172 是关闭的。
2024-11-09 01:38:43,483 - __main__ - INFO - 端口 173 是关闭的。
2024-11-09 01:38:43,521 - __main__ - INFO - 端口 174 是关闭的。
2024-11-09 01:38:43,559 - __main__ - INFO - 端口 175 是关闭的。
2024-11-09 01:38:43,596 - __main__ - INFO - 端口 176 是关闭的。
2024-11-09 01:38:43,634 - __main__ - INFO - 端口 177 是关闭的。
2024-11-09 01:38:43,675 - __main__ - INFO - 端口 178 是关闭的。
2024-11-09 01:38:43,711 - __main__ - INFO - 端口 179 是关闭的。
2024-11-09 01:38:43,746 - __main__ - INFO - 端口 180 是关闭的。
2024-11-09 01:38:43,784 - __main__ - INFO - 端口 181 是关闭的。
2024-11-09 01:38:43,823 - __main__ - INFO - 端口 182 是关闭的。
2024-11-09 01:38:43,860 - __main__ - INFO - 端口 183 是关闭的。
2024-11-09 01:38:43,901 - __main__ - INFO - 端口 184 是关闭的。
2024-11-09 01:38:43,941 - __main__ - INFO - 端口 185 是关闭的。
2024-11-09 01:38:43,980 - __main__ - INFO - 端口 186 是关闭的。
2024-11-09 01:38:44,019 - __main__ - INFO - 端口 187 是关闭的。
2024-11-09 01:38:44,056 - __main__ - INFO - 端口 188 是关闭的。
2024-11-09 01:38:44,091 - __main__ - INFO - 端口 189 是关闭的。
2024-11-09 01:38:44,133 - __main__ - INFO - 端口 190 是关闭的。
2024-11-09 01:38:44,177 - __main__ - INFO - 端口 191 是关闭的。
2024-11-09 01:38:44,218 - __main__ - INFO - 端口 192 是关闭的。
2024-11-09 01:38:44,255 - __main__ - INFO - 端口 193 是关闭的。
2024-11-09 01:38:44,294 - __main__ - INFO - 端口 194 是关闭的。
2024-11-09 01:38:44,330 - __main__ - INFO - 端口 195 是关闭的。
2024-11-09 01:38:44,371 - __main__ - INFO - 端口 196 是关闭的。
2024-11-09 01:38:44,411 - __main__ - INFO - 端口 197 是关闭的。
2024-11-09 01:38:44,447 - __main__ - INFO - 端口 198 是关闭的。
2024-11-09 01:38:44,487 - __main__ - INFO - 端口 199 是关闭的。
2024-11-09 01:38:44,525 - __main__ - INFO - 端口 200 是关闭的。
2024-11-09 01:38:44,564 - __main__ - INFO - 端口 201 是关闭的。
2024-11-09 01:38:44,600 - __main__ - INFO - 端口 202 是关闭的。
2024-11-09 01:38:44,635 - __main__ - INFO - 端口 203 是关闭的。
2024-11-09 01:38:44,671 - __main__ - INFO - 端口 204 是关闭的。
2024-11-09 01:38:44,713 - __main__ - INFO - 端口 205 是关闭的。
2024-11-09 01:38:44,754 - __main__ - INFO - 端口 206 是关闭的。
2024-11-09 01:38:44,789 - __main__ - INFO - 端口 207 是关闭的。
2024-11-09 01:38:44,832 - __main__ - INFO - 端口 208 是关闭的。
2024-11-09 01:38:44,871 - __main__ - INFO - 端口 209 是关闭的。
2024-11-09 01:38:44,907 - __main__ - INFO - 端口 210 是关闭的。
2024-11-09 01:38:44,944 - __main__ - INFO - 端口 211 是关闭的。
2024-11-09 01:38:44,985 - __main__ - INFO - 端口 212 是关闭的。
2024-11-09 01:38:45,024 - __main__ - INFO - 端口 213 是关闭的。
2024-11-09 01:38:45,065 - __main__ - INFO - 端口 214 是关闭的。
2024-11-09 01:38:45,103 - __main__ - INFO - 端口 215 是关闭的。
2024-11-09 01:38:45,140 - __main__ - INFO - 端口 216 是关闭的。
2024-11-09 01:38:45,178 - __main__ - INFO - 端口 217 是关闭的。
2024-11-09 01:38:45,214 - __main__ - INFO - 端口 218 是关闭的。
2024-11-09 01:38:45,255 - __main__ - INFO - 端口 219 是关闭的。
2024-11-09 01:38:45,298 - __main__ - INFO - 端口 220 是关闭的。
2024-11-09 01:38:45,335 - __main__ - INFO - 端口 221 是关闭的。
2024-11-09 01:38:45,376 - __main__ - INFO - 端口 222 是关闭的。
2024-11-09 01:38:45,419 - __main__ - INFO - 端口 223 是关闭的。
2024-11-09 01:38:45,455 - __main__ - INFO - 端口 224 是关闭的。
2024-11-09 01:38:45,493 - __main__ - INFO - 端口 225 是关闭的。
2024-11-09 01:38:45,530 - __main__ - INFO - 端口 226 是关闭的。
2024-11-09 01:38:45,572 - __main__ - INFO - 端口 227 是关闭的。
2024-11-09 01:38:45,612 - __main__ - INFO - 端口 228 是关闭的。
2024-11-09 01:38:45,649 - __main__ - INFO - 端口 229 是关闭的。
2024-11-09 01:38:45,692 - __main__ - INFO - 端口 230 是关闭的。
2024-11-09 01:38:45,728 - __main__ - INFO - 端口 231 是关闭的。
2024-11-09 01:38:45,768 - __main__ - INFO - 端口 232 是关闭的。
2024-11-09 01:38:45,807 - __main__ - INFO - 端口 233 是关闭的。
2024-11-09 01:38:45,845 - __main__ - INFO - 端口 234 是关闭的。
2024-11-09 01:38:45,881 - __main__ - INFO - 端口 235 是关闭的。
2024-11-09 01:38:45,924 - __main__ - INFO - 端口 236 是关闭的。
2024-11-09 01:38:45,960 - __main__ - INFO - 端口 237 是关闭的。
2024-11-09 01:38:45,996 - __main__ - INFO - 端口 238 是关闭的。
2024-11-09 01:38:46,035 - __main__ - INFO - 端口 239 是关闭的。
2024-11-09 01:38:46,076 - __main__ - INFO - 端口 240 是关闭的。
2024-11-09 01:38:46,113 - __main__ - INFO - 端口 241 是关闭的。
2024-11-09 01:38:46,152 - __main__ - INFO - 端口 242 是关闭的。
2024-11-09 01:38:46,192 - __main__ - INFO - 端口 243 是关闭的。
2024-11-09 01:38:46,232 - __main__ - INFO - 端口 244 是关闭的。
2024-11-09 01:38:46,274 - __main__ - INFO - 端口 245 是关闭的。
2024-11-09 01:38:46,313 - __main__ - INFO - 端口 246 是关闭的。
2024-11-09 01:38:46,352 - __main__ - INFO - 端口 247 是关闭的。
2024-11-09 01:38:46,395 - __main__ - INFO - 端口 248 是关闭的。
2024-11-09 01:38:46,431 - __main__ - INFO - 端口 249 是关闭的。
2024-11-09 01:38:46,471 - __main__ - INFO - 端口 250 是关闭的。
2024-11-09 01:38:46,512 - __main__ - INFO - 端口 251 是关闭的。
2024-11-09 01:38:46,551 - __main__ - INFO - 端口 252 是关闭的。
2024-11-09 01:38:46,588 - __main__ - INFO - 端口 253 是关闭的。
2024-11-09 01:38:46,626 - __main__ - INFO - 端口 254 是关闭的。
2024-11-09 01:38:46,665 - __main__ - INFO - 端口 255 是关闭的。
2024-11-09 01:38:46,704 - __main__ - INFO - 端口 256 是关闭的。
2024-11-09 01:38:46,745 - __main__ - INFO - 端口 257 是关闭的。
2024-11-09 01:38:46,783 - __main__ - INFO - 端口 258 是关闭的。
2024-11-09 01:38:46,822 - __main__ - INFO - 端口 259 是关闭的。
2024-11-09 01:38:46,858 - __main__ - INFO - 端口 260 是关闭的。
2024-11-09 01:38:46,898 - __main__ - INFO - 端口 261 是关闭的。
2024-11-09 01:38:46,940 - __main__ - INFO - 端口 262 是关闭的。
2024-11-09 01:38:46,976 - __main__ - INFO - 端口 263 是关闭的。
2024-11-09 01:38:47,010 - __main__ - INFO - 端口 264 是关闭的。
2024-11-09 01:38:47,052 - __main__ - INFO - 端口 265 是关闭的。
2024-11-09 01:38:47,091 - __main__ - INFO - 端口 266 是关闭的。
2024-11-09 01:38:47,131 - __main__ - INFO - 端口 267 是关闭的。
2024-11-09 01:38:47,171 - __main__ - INFO - 端口 268 是关闭的。
2024-11-09 01:38:47,209 - __main__ - INFO - 端口 269 是关闭的。
2024-11-09 01:38:47,246 - __main__ - INFO - 端口 270 是关闭的。
2024-11-09 01:38:47,281 - __main__ - INFO - 端口 271 是关闭的。
2024-11-09 01:38:47,318 - __main__ - INFO - 端口 272 是关闭的。
2024-11-09 01:38:47,354 - __main__ - INFO - 端口 273 是关闭的。
2024-11-09 01:38:47,394 - __main__ - INFO - 端口 274 是关闭的。
2024-11-09 01:38:47,432 - __main__ - INFO - 端口 275 是关闭的。
2024-11-09 01:38:47,467 - __main__ - INFO - 端口 276 是关闭的。
2024-11-09 01:38:47,504 - __main__ - INFO - 端口 277 是关闭的。
2024-11-09 01:38:47,539 - __main__ - INFO - 端口 278 是关闭的。
2024-11-09 01:38:47,577 - __main__ - INFO - 端口 279 是关闭的。
2024-11-09 01:38:47,618 - __main__ - INFO - 端口 280 是关闭的。
2024-11-09 01:38:47,658 - __main__ - INFO - 端口 281 是关闭的。
2024-11-09 01:38:47,702 - __main__ - INFO - 端口 282 是关闭的。
2024-11-09 01:38:47,741 - __main__ - INFO - 端口 283 是关闭的。
2024-11-09 01:38:47,779 - __main__ - INFO - 端口 284 是关闭的。
2024-11-09 01:38:47,818 - __main__ - INFO - 端口 285 是关闭的。
2024-11-09 01:38:47,853 - __main__ - INFO - 端口 286 是关闭的。
2024-11-09 01:38:47,892 - __main__ - INFO - 端口 287 是关闭的。
2024-11-09 01:38:47,935 - __main__ - INFO - 端口 288 是关闭的。
2024-11-09 01:38:47,971 - __main__ - INFO - 端口 289 是关闭的。
2024-11-09 01:38:48,008 - __main__ - INFO - 端口 290 是关闭的。
2024-11-09 01:38:48,045 - __main__ - INFO - 端口 291 是关闭的。
2024-11-09 01:38:48,081 - __main__ - INFO - 端口 292 是关闭的。
2024-11-09 01:38:48,120 - __main__ - INFO - 端口 293 是关闭的。
2024-11-09 01:38:48,161 - __main__ - INFO - 端口 294 是关闭的。
2024-11-09 01:38:48,199 - __main__ - INFO - 端口 295 是关闭的。
2024-11-09 01:38:48,237 - __main__ - INFO - 端口 296 是关闭的。
2024-11-09 01:38:48,274 - __main__ - INFO - 端口 297 是关闭的。
2024-11-09 01:38:48,314 - __main__ - INFO - 端口 298 是关闭的。
2024-11-09 01:38:48,352 - __main__ - INFO - 端口 299 是关闭的。
2024-11-09 01:38:48,391 - __main__ - INFO - 端口 300 是关闭的。
2024-11-09 01:38:48,427 - __main__ - INFO - 端口 301 是关闭的。
2024-11-09 01:38:48,462 - __main__ - INFO - 端口 302 是关闭的。
2024-11-09 01:38:48,503 - __main__ - INFO - 端口 303 是关闭的。
2024-11-09 01:38:48,543 - __main__ - INFO - 端口 304 是关闭的。
2024-11-09 01:38:48,579 - __main__ - INFO - 端口 305 是关闭的。
2024-11-09 01:38:48,620 - __main__ - INFO - 端口 306 是关闭的。
2024-11-09 01:38:48,660 - __main__ - INFO - 端口 307 是关闭的。
2024-11-09 01:38:48,705 - __main__ - INFO - 端口 308 是关闭的。
2024-11-09 01:38:48,749 - __main__ - INFO - 端口 309 是关闭的。
2024-11-09 01:38:48,793 - __main__ - INFO - 端口 310 是关闭的。
2024-11-09 01:38:48,831 - __main__ - INFO - 端口 311 是关闭的。
2024-11-09 01:38:48,871 - __main__ - INFO - 端口 312 是关闭的。
2024-11-09 01:38:48,910 - __main__ - INFO - 端口 313 是关闭的。
2024-11-09 01:38:48,954 - __main__ - INFO - 端口 314 是关闭的。
2024-11-09 01:38:48,991 - __main__ - INFO - 端口 315 是关闭的。
2024-11-09 01:38:49,030 - __main__ - INFO - 端口 316 是关闭的。
2024-11-09 01:38:49,065 - __main__ - INFO - 端口 317 是关闭的。
2024-11-09 01:38:49,105 - __main__ - INFO - 端口 318 是关闭的。
2024-11-09 01:38:49,143 - __main__ - INFO - 端口 319 是关闭的。
2024-11-09 01:38:49,185 - __main__ - INFO - 端口 320 是关闭的。
2024-11-09 01:38:49,227 - __main__ - INFO - 端口 321 是关闭的。
2024-11-09 01:38:49,263 - __main__ - INFO - 端口 322 是关闭的。
2024-11-09 01:38:49,302 - __main__ - INFO - 端口 323 是关闭的。
2024-11-09 01:38:49,344 - __main__ - INFO - 端口 324 是关闭的。
2024-11-09 01:38:49,383 - __main__ - INFO - 端口 325 是关闭的。
2024-11-09 01:38:49,420 - __main__ - INFO - 端口 326 是关闭的。
2024-11-09 01:38:49,461 - __main__ - INFO - 端口 327 是关闭的。
2024-11-09 01:38:49,503 - __main__ - INFO - 端口 328 是关闭的。
2024-11-09 01:38:49,539 - __main__ - INFO - 端口 329 是关闭的。
2024-11-09 01:38:49,582 - __main__ - INFO - 端口 330 是关闭的。
2024-11-09 01:38:49,626 - __main__ - INFO - 端口 331 是关闭的。
2024-11-09 01:38:49,666 - __main__ - INFO - 端口 332 是关闭的。
2024-11-09 01:38:49,699 - __main__ - INFO - 端口 333 是关闭的。
2024-11-09 01:38:49,738 - __main__ - INFO - 端口 334 是关闭的。
2024-11-09 01:38:49,775 - __main__ - INFO - 端口 335 是关闭的。
2024-11-09 01:38:49,813 - __main__ - INFO - 端口 336 是关闭的。
2024-11-09 01:38:49,853 - __main__ - INFO - 端口 337 是关闭的。
2024-11-09 01:38:49,897 - __main__ - INFO - 端口 338 是关闭的。
2024-11-09 01:38:49,934 - __main__ - INFO - 端口 339 是关闭的。
2024-11-09 01:38:49,973 - __main__ - INFO - 端口 340 是关闭的。
2024-11-09 01:38:50,011 - __main__ - INFO - 端口 341 是关闭的。
2024-11-09 01:38:50,051 - __main__ - INFO - 端口 342 是关闭的。
2024-11-09 01:38:50,088 - __main__ - INFO - 端口 343 是关闭的。
2024-11-09 01:38:50,127 - __main__ - INFO - 端口 344 是关闭的。
2024-11-09 01:38:50,164 - __main__ - INFO - 端口 345 是关闭的。
2024-11-09 01:38:50,207 - __main__ - INFO - 端口 346 是关闭的。
2024-11-09 01:38:50,245 - __main__ - INFO - 端口 347 是关闭的。
2024-11-09 01:38:50,279 - __main__ - INFO - 端口 348 是关闭的。
2024-11-09 01:38:50,315 - __main__ - INFO - 端口 349 是关闭的。
2024-11-09 01:38:50,351 - __main__ - INFO - 端口 350 是关闭的。
2024-11-09 01:38:50,390 - __main__ - INFO - 端口 351 是关闭的。
2024-11-09 01:38:50,428 - __main__ - INFO - 端口 352 是关闭的。
2024-11-09 01:38:50,465 - __main__ - INFO - 端口 353 是关闭的。
2024-11-09 01:38:50,503 - __main__ - INFO - 端口 354 是关闭的。
2024-11-09 01:38:50,540 - __main__ - INFO - 端口 355 是关闭的。
2024-11-09 01:38:50,577 - __main__ - INFO - 端口 356 是关闭的。
2024-11-09 01:38:50,614 - __main__ - INFO - 端口 357 是关闭的。
2024-11-09 01:38:50,655 - __main__ - INFO - 端口 358 是关闭的。
2024-11-09 01:38:50,692 - __main__ - INFO - 端口 359 是关闭的。
2024-11-09 01:38:50,730 - __main__ - INFO - 端口 360 是关闭的。
2024-11-09 01:38:50,771 - __main__ - INFO - 端口 361 是关闭的。
2024-11-09 01:38:50,808 - __main__ - INFO - 端口 362 是关闭的。
2024-11-09 01:38:50,849 - __main__ - INFO - 端口 363 是关闭的。
2024-11-09 01:38:50,890 - __main__ - INFO - 端口 364 是关闭的。
2024-11-09 01:38:50,932 - __main__ - INFO - 端口 365 是关闭的。
2024-11-09 01:38:50,970 - __main__ - INFO - 端口 366 是关闭的。
2024-11-09 01:38:51,008 - __main__ - INFO - 端口 367 是关闭的。
2024-11-09 01:38:51,045 - __main__ - INFO - 端口 368 是关闭的。
2024-11-09 01:38:51,085 - __main__ - INFO - 端口 369 是关闭的。
2024-11-09 01:38:51,129 - __main__ - INFO - 端口 370 是关闭的。
2024-11-09 01:38:51,164 - __main__ - INFO - 端口 371 是关闭的。
2024-11-09 01:38:51,201 - __main__ - INFO - 端口 372 是关闭的。
2024-11-09 01:38:51,239 - __main__ - INFO - 端口 373 是关闭的。
2024-11-09 01:38:51,280 - __main__ - INFO - 端口 374 是关闭的。
2024-11-09 01:38:51,317 - __main__ - INFO - 端口 375 是关闭的。
2024-11-09 01:38:51,354 - __main__ - INFO - 端口 376 是关闭的。
2024-11-09 01:38:51,392 - __main__ - INFO - 端口 377 是关闭的。
2024-11-09 01:38:51,436 - __main__ - INFO - 端口 378 是关闭的。
2024-11-09 01:38:51,472 - __main__ - INFO - 端口 379 是关闭的。
2024-11-09 01:38:51,511 - __main__ - INFO - 端口 380 是关闭的。
2024-11-09 01:38:51,549 - __main__ - INFO - 端口 381 是关闭的。
2024-11-09 01:38:51,590 - __main__ - INFO - 端口 382 是关闭的。
2024-11-09 01:38:51,627 - __main__ - INFO - 端口 383 是关闭的。
2024-11-09 01:38:51,666 - __main__ - INFO - 端口 384 是关闭的。
2024-11-09 01:38:51,712 - __main__ - INFO - 端口 385 是关闭的。
2024-11-09 01:38:51,755 - __main__ - INFO - 端口 386 是关闭的。
2024-11-09 01:38:51,792 - __main__ - INFO - 端口 387 是关闭的。
2024-11-09 01:38:51,832 - __main__ - INFO - 端口 388 是关闭的。
2024-11-09 01:38:51,870 - __main__ - INFO - 端口 389 是关闭的。
2024-11-09 01:38:51,906 - __main__ - INFO - 端口 390 是关闭的。
2024-11-09 01:38:51,943 - __main__ - INFO - 端口 391 是关闭的。
2024-11-09 01:38:51,983 - __main__ - INFO - 端口 392 是关闭的。
2024-11-09 01:38:52,020 - __main__ - INFO - 端口 393 是关闭的。
2024-11-09 01:38:52,058 - __main__ - INFO - 端口 394 是关闭的。
2024-11-09 01:38:52,097 - __main__ - INFO - 端口 395 是关闭的。
2024-11-09 01:38:52,135 - __main__ - INFO - 端口 396 是关闭的。
2024-11-09 01:38:52,175 - __main__ - INFO - 端口 397 是关闭的。
2024-11-09 01:38:52,215 - __main__ - INFO - 端口 398 是关闭的。
2024-11-09 01:38:52,254 - __main__ - INFO - 端口 399 是关闭的。
2024-11-09 01:38:52,297 - __main__ - INFO - 端口 400 是关闭的。
2024-11-09 01:38:52,337 - __main__ - INFO - 端口 401 是关闭的。
2024-11-09 01:38:52,373 - __main__ - INFO - 端口 402 是关闭的。
2024-11-09 01:38:52,415 - __main__ - INFO - 端口 403 是关闭的。
2024-11-09 01:38:52,456 - __main__ - INFO - 端口 404 是关闭的。
2024-11-09 01:38:52,502 - __main__ - INFO - 端口 405 是关闭的。
2024-11-09 01:38:52,539 - __main__ - INFO - 端口 406 是关闭的。
2024-11-09 01:38:52,580 - __main__ - INFO - 端口 407 是关闭的。
2024-11-09 01:38:52,618 - __main__ - INFO - 端口 408 是关闭的。
2024-11-09 01:38:52,658 - __main__ - INFO - 端口 409 是关闭的。
2024-11-09 01:38:52,696 - __main__ - INFO - 端口 410 是关闭的。
2024-11-09 01:38:52,737 - __main__ - INFO - 端口 411 是关闭的。
2024-11-09 01:38:52,774 - __main__ - INFO - 端口 412 是关闭的。
2024-11-09 01:38:52,811 - __main__ - INFO - 端口 413 是关闭的。
2024-11-09 01:38:52,851 - __main__ - INFO - 端口 414 是关闭的。
2024-11-09 01:38:52,890 - __main__ - INFO - 端口 415 是关闭的。
2024-11-09 01:38:52,925 - __main__ - INFO - 端口 416 是关闭的。
2024-11-09 01:38:52,963 - __main__ - INFO - 端口 417 是关闭的。
2024-11-09 01:38:52,999 - __main__ - INFO - 端口 418 是关闭的。
2024-11-09 01:38:53,035 - __main__ - INFO - 端口 419 是关闭的。
2024-11-09 01:38:53,072 - __main__ - INFO - 端口 420 是关闭的。
2024-11-09 01:38:53,112 - __main__ - INFO - 端口 421 是关闭的。
2024-11-09 01:38:53,150 - __main__ - INFO - 端口 422 是关闭的。
2024-11-09 01:38:53,186 - __main__ - INFO - 端口 423 是关闭的。
2024-11-09 01:38:53,226 - __main__ - INFO - 端口 424 是关闭的。
2024-11-09 01:38:53,261 - __main__ - INFO - 端口 425 是关闭的。
2024-11-09 01:38:53,296 - __main__ - INFO - 端口 426 是关闭的。
2024-11-09 01:38:53,334 - __main__ - INFO - 端口 427 是关闭的。
2024-11-09 01:38:53,371 - __main__ - INFO - 端口 428 是关闭的。
2024-11-09 01:38:53,408 - __main__ - INFO - 端口 429 是关闭的。
2024-11-09 01:38:53,449 - __main__ - INFO - 端口 430 是关闭的。
2024-11-09 01:38:53,492 - __main__ - INFO - 端口 431 是关闭的。
2024-11-09 01:38:53,532 - __main__ - INFO - 端口 432 是关闭的。
2024-11-09 01:38:53,568 - __main__ - INFO - 端口 433 是关闭的。
2024-11-09 01:38:53,606 - __main__ - INFO - 端口 434 是关闭的。
2024-11-09 01:38:53,643 - __main__ - INFO - 端口 435 是关闭的。
2024-11-09 01:38:53,680 - __main__ - INFO - 端口 436 是关闭的。
2024-11-09 01:38:53,721 - __main__ - INFO - 端口 437 是关闭的。
2024-11-09 01:38:53,762 - __main__ - INFO - 端口 438 是关闭的。
2024-11-09 01:38:53,802 - __main__ - INFO - 端口 439 是关闭的。
2024-11-09 01:38:53,836 - __main__ - INFO - 端口 440 是关闭的。
2024-11-09 01:38:53,873 - __main__ - INFO - 端口 441 是关闭的。
2024-11-09 01:38:53,910 - __main__ - INFO - 端口 442 是关闭的。
2024-11-09 01:38:53,949 - __main__ - INFO - 端口 443 是开放的。
2024-11-09 01:38:53,988 - __main__ - INFO - 端口 444 是关闭的。
2024-11-09 01:38:55,991 - __main__ - INFO - 端口 445 是关闭的。
2024-11-09 01:38:56,035 - __main__ - INFO - 端口 446 是关闭的。
2024-11-09 01:38:56,073 - __main__ - INFO - 端口 447 是关闭的。
2024-11-09 01:38:56,108 - __main__ - INFO - 端口 448 是关闭的。
2024-11-09 01:38:56,152 - __main__ - INFO - 端口 449 是关闭的。
2024-11-09 01:38:56,189 - __main__ - INFO - 端口 450 是关闭的。
2024-11-09 01:38:56,227 - __main__ - INFO - 端口 451 是关闭的。
2024-11-09 01:38:56,266 - __main__ - INFO - 端口 452 是关闭的。
2024-11-09 01:38:56,306 - __main__ - INFO - 端口 453 是关闭的。
2024-11-09 01:38:56,342 - __main__ - INFO - 端口 454 是关闭的。
2024-11-09 01:38:56,382 - __main__ - INFO - 端口 455 是关闭的。
2024-11-09 01:38:56,424 - __main__ - INFO - 端口 456 是关闭的。
2024-11-09 01:38:56,466 - __main__ - INFO - 端口 457 是关闭的。
2024-11-09 01:38:56,503 - __main__ - INFO - 端口 458 是关闭的。
2024-11-09 01:38:56,541 - __main__ - INFO - 端口 459 是关闭的。
2024-11-09 01:38:56,582 - __main__ - INFO - 端口 460 是关闭的。
2024-11-09 01:38:56,622 - __main__ - INFO - 端口 461 是关闭的。
2024-11-09 01:38:56,662 - __main__ - INFO - 端口 462 是关闭的。
2024-11-09 01:38:56,704 - __main__ - INFO - 端口 463 是关闭的。
2024-11-09 01:38:56,740 - __main__ - INFO - 端口 464 是关闭的。
2024-11-09 01:38:56,777 - __main__ - INFO - 端口 465 是关闭的。
2024-11-09 01:38:56,820 - __main__ - INFO - 端口 466 是关闭的。
2024-11-09 01:38:56,860 - __main__ - INFO - 端口 467 是关闭的。
2024-11-09 01:38:56,898 - __main__ - INFO - 端口 468 是关闭的。
2024-11-09 01:38:56,938 - __main__ - INFO - 端口 469 是关闭的。
2024-11-09 01:38:56,976 - __main__ - INFO - 端口 470 是关闭的。
2024-11-09 01:38:57,018 - __main__ - INFO - 端口 471 是关闭的。
2024-11-09 01:38:57,060 - __main__ - INFO - 端口 472 是关闭的。
2024-11-09 01:38:57,100 - __main__ - INFO - 端口 473 是关闭的。
2024-11-09 01:38:57,137 - __main__ - INFO - 端口 474 是关闭的。
2024-11-09 01:38:57,177 - __main__ - INFO - 端口 475 是关闭的。
2024-11-09 01:38:57,213 - __main__ - INFO - 端口 476 是关闭的。
2024-11-09 01:38:57,252 - __main__ - INFO - 端口 477 是关闭的。
2024-11-09 01:38:57,286 - __main__ - INFO - 端口 478 是关闭的。
2024-11-09 01:38:57,323 - __main__ - INFO - 端口 479 是关闭的。
2024-11-09 01:38:57,360 - __main__ - INFO - 端口 480 是关闭的。
2024-11-09 01:38:57,402 - __main__ - INFO - 端口 481 是关闭的。
2024-11-09 01:38:57,437 - __main__ - INFO - 端口 482 是关闭的。
2024-11-09 01:38:57,472 - __main__ - INFO - 端口 483 是关闭的。
2024-11-09 01:38:57,512 - __main__ - INFO - 端口 484 是关闭的。
2024-11-09 01:38:57,550 - __main__ - INFO - 端口 485 是关闭的。
2024-11-09 01:38:57,587 - __main__ - INFO - 端口 486 是关闭的。
2024-11-09 01:38:57,621 - __main__ - INFO - 端口 487 是关闭的。
2024-11-09 01:38:57,658 - __main__ - INFO - 端口 488 是关闭的。
2024-11-09 01:38:57,697 - __main__ - INFO - 端口 489 是关闭的。
2024-11-09 01:38:57,734 - __main__ - INFO - 端口 490 是关闭的。
2024-11-09 01:38:57,778 - __main__ - INFO - 端口 491 是关闭的。
2024-11-09 01:38:57,815 - __main__ - INFO - 端口 492 是关闭的。
2024-11-09 01:38:57,858 - __main__ - INFO - 端口 493 是关闭的。
2024-11-09 01:38:57,897 - __main__ - INFO - 端口 494 是关闭的。
2024-11-09 01:38:57,940 - __main__ - INFO - 端口 495 是关闭的。
2024-11-09 01:38:57,984 - __main__ - INFO - 端口 496 是关闭的。
2024-11-09 01:38:58,021 - __main__ - INFO - 端口 497 是关闭的。
2024-11-09 01:38:58,061 - __main__ - INFO - 端口 498 是关闭的。
2024-11-09 01:38:58,100 - __main__ - INFO - 端口 499 是关闭的。
2024-11-09 01:38:58,134 - __main__ - INFO - 端口 500 是关闭的。
2024-11-09 01:38:58,172 - __main__ - INFO - 端口 501 是关闭的。
2024-11-09 01:38:58,210 - __main__ - INFO - 端口 502 是关闭的。
2024-11-09 01:38:58,255 - __main__ - INFO - 端口 503 是关闭的。
2024-11-09 01:38:58,295 - __main__ - INFO - 端口 504 是关闭的。
2024-11-09 01:38:58,331 - __main__ - INFO - 端口 505 是关闭的。
2024-11-09 01:38:58,368 - __main__ - INFO - 端口 506 是关闭的。
2024-11-09 01:38:58,412 - __main__ - INFO - 端口 507 是关闭的。
2024-11-09 01:38:58,451 - __main__ - INFO - 端口 508 是关闭的。
2024-11-09 01:38:58,487 - __main__ - INFO - 端口 509 是关闭的。
2024-11-09 01:38:58,527 - __main__ - INFO - 端口 510 是关闭的。
2024-11-09 01:38:58,565 - __main__ - INFO - 端口 511 是关闭的。
2024-11-09 01:38:58,605 - __main__ - INFO - 端口 512 是关闭的。
2024-11-09 01:38:58,646 - __main__ - INFO - 端口 513 是关闭的。
2024-11-09 01:38:58,687 - __main__ - INFO - 端口 514 是关闭的。
2024-11-09 01:38:58,726 - __main__ - INFO - 端口 515 是关闭的。
2024-11-09 01:38:58,766 - __main__ - INFO - 端口 516 是关闭的。
2024-11-09 01:38:58,803 - __main__ - INFO - 端口 517 是关闭的。
2024-11-09 01:38:58,842 - __main__ - INFO - 端口 518 是关闭的。
2024-11-09 01:38:58,881 - __main__ - INFO - 端口 519 是关闭的。
2024-11-09 01:38:58,922 - __main__ - INFO - 端口 520 是关闭的。
2024-11-09 01:38:58,961 - __main__ - INFO - 端口 521 是关闭的。
2024-11-09 01:38:59,000 - __main__ - INFO - 端口 522 是关闭的。
2024-11-09 01:38:59,038 - __main__ - INFO - 端口 523 是关闭的。
2024-11-09 01:38:59,078 - __main__ - INFO - 端口 524 是关闭的。
2024-11-09 01:38:59,116 - __main__ - INFO - 端口 525 是关闭的。
2024-11-09 01:38:59,156 - __main__ - INFO - 端口 526 是关闭的。
2024-11-09 01:38:59,191 - __main__ - INFO - 端口 527 是关闭的。
2024-11-09 01:38:59,229 - __main__ - INFO - 端口 528 是关闭的。
2024-11-09 01:38:59,266 - __main__ - INFO - 端口 529 是关闭的。
2024-11-09 01:38:59,305 - __main__ - INFO - 端口 530 是关闭的。
2024-11-09 01:38:59,343 - __main__ - INFO - 端口 531 是关闭的。
2024-11-09 01:38:59,383 - __main__ - INFO - 端口 532 是关闭的。
2024-11-09 01:38:59,419 - __main__ - INFO - 端口 533 是关闭的。
2024-11-09 01:38:59,455 - __main__ - INFO - 端口 534 是关闭的。
2024-11-09 01:38:59,497 - __main__ - INFO - 端口 535 是关闭的。
2024-11-09 01:38:59,538 - __main__ - INFO - 端口 536 是关闭的。
2024-11-09 01:38:59,579 - __main__ - INFO - 端口 537 是关闭的。
2024-11-09 01:38:59,623 - __main__ - INFO - 端口 538 是关闭的。
2024-11-09 01:38:59,662 - __main__ - INFO - 端口 539 是关闭的。
2024-11-09 01:38:59,700 - __main__ - INFO - 端口 540 是关闭的。
2024-11-09 01:38:59,738 - __main__ - INFO - 端口 541 是关闭的。
2024-11-09 01:38:59,777 - __main__ - INFO - 端口 542 是关闭的。
2024-11-09 01:38:59,815 - __main__ - INFO - 端口 543 是关闭的。
2024-11-09 01:38:59,851 - __main__ - INFO - 端口 544 是关闭的。
2024-11-09 01:38:59,889 - __main__ - INFO - 端口 545 是关闭的。
2024-11-09 01:38:59,931 - __main__ - INFO - 端口 546 是关闭的。
2024-11-09 01:38:59,970 - __main__ - INFO - 端口 547 是关闭的。
2024-11-09 01:39:00,012 - __main__ - INFO - 端口 548 是关闭的。
2024-11-09 01:39:00,051 - __main__ - INFO - 端口 549 是关闭的。
2024-11-09 01:39:00,093 - __main__ - INFO - 端口 550 是关闭的。
2024-11-09 01:39:00,132 - __main__ - INFO - 端口 551 是关闭的。
2024-11-09 01:39:00,173 - __main__ - INFO - 端口 552 是关闭的。
2024-11-09 01:39:00,215 - __main__ - INFO - 端口 553 是关闭的。
2024-11-09 01:39:00,257 - __main__ - INFO - 端口 554 是关闭的。
2024-11-09 01:39:00,296 - __main__ - INFO - 端口 555 是关闭的。
2024-11-09 01:39:00,332 - __main__ - INFO - 端口 556 是关闭的。
2024-11-09 01:39:00,372 - __main__ - INFO - 端口 557 是关闭的。
2024-11-09 01:39:00,408 - __main__ - INFO - 端口 558 是关闭的。
2024-11-09 01:39:00,450 - __main__ - INFO - 端口 559 是关闭的。
2024-11-09 01:39:00,489 - __main__ - INFO - 端口 560 是关闭的。
2024-11-09 01:39:00,526 - __main__ - INFO - 端口 561 是关闭的。
2024-11-09 01:39:00,564 - __main__ - INFO - 端口 562 是关闭的。
2024-11-09 01:39:00,607 - __main__ - INFO - 端口 563 是关闭的。
2024-11-09 01:39:00,643 - __main__ - INFO - 端口 564 是关闭的。
2024-11-09 01:39:00,679 - __main__ - INFO - 端口 565 是关闭的。
2024-11-09 01:39:00,717 - __main__ - INFO - 端口 566 是关闭的。
2024-11-09 01:39:00,757 - __main__ - INFO - 端口 567 是关闭的。
2024-11-09 01:39:00,795 - __main__ - INFO - 端口 568 是关闭的。
2024-11-09 01:39:00,838 - __main__ - INFO - 端口 569 是关闭的。
2024-11-09 01:39:00,876 - __main__ - INFO - 端口 570 是关闭的。
2024-11-09 01:39:00,913 - __main__ - INFO - 端口 571 是关闭的。
2024-11-09 01:39:00,954 - __main__ - INFO - 端口 572 是关闭的。
2024-11-09 01:39:00,993 - __main__ - INFO - 端口 573 是关闭的。
2024-11-09 01:39:01,037 - __main__ - INFO - 端口 574 是关闭的。
2024-11-09 01:39:01,077 - __main__ - INFO - 端口 575 是关闭的。
2024-11-09 01:39:01,116 - __main__ - INFO - 端口 576 是关闭的。
2024-11-09 01:39:01,154 - __main__ - INFO - 端口 577 是关闭的。
2024-11-09 01:39:01,191 - __main__ - INFO - 端口 578 是关闭的。
2024-11-09 01:39:01,233 - __main__ - INFO - 端口 579 是关闭的。
2024-11-09 01:39:01,271 - __main__ - INFO - 端口 580 是关闭的。
2024-11-09 01:39:01,309 - __main__ - INFO - 端口 581 是关闭的。
2024-11-09 01:39:01,346 - __main__ - INFO - 端口 582 是关闭的。
2024-11-09 01:39:01,386 - __main__ - INFO - 端口 583 是关闭的。
2024-11-09 01:39:01,428 - __main__ - INFO - 端口 584 是关闭的。
2024-11-09 01:39:01,468 - __main__ - INFO - 端口 585 是关闭的。
2024-11-09 01:39:01,510 - __main__ - INFO - 端口 586 是关闭的。
2024-11-09 01:39:01,550 - __main__ - INFO - 端口 587 是关闭的。
2024-11-09 01:39:01,589 - __main__ - INFO - 端口 588 是关闭的。
2024-11-09 01:39:01,626 - __main__ - INFO - 端口 589 是关闭的。
2024-11-09 01:39:01,669 - __main__ - INFO - 端口 590 是关闭的。
2024-11-09 01:39:01,711 - __main__ - INFO - 端口 591 是关闭的。
2024-11-09 01:39:01,749 - __main__ - INFO - 端口 592 是关闭的。
2024-11-09 01:39:03,751 - __main__ - INFO - 端口 593 是关闭的。
2024-11-09 01:39:03,794 - __main__ - INFO - 端口 594 是关闭的。
2024-11-09 01:39:03,832 - __main__ - INFO - 端口 595 是关闭的。
2024-11-09 01:39:03,868 - __main__ - INFO - 端口 596 是关闭的。
2024-11-09 01:39:03,906 - __main__ - INFO - 端口 597 是关闭的。
2024-11-09 01:39:03,945 - __main__ - INFO - 端口 598 是关闭的。
2024-11-09 01:39:03,988 - __main__ - INFO - 端口 599 是关闭的。
2024-11-09 01:39:04,029 - __main__ - INFO - 端口 600 是关闭的。
2024-11-09 01:39:04,067 - __main__ - INFO - 端口 601 是关闭的。
2024-11-09 01:39:04,106 - __main__ - INFO - 端口 602 是关闭的。
2024-11-09 01:39:04,147 - __main__ - INFO - 端口 603 是关闭的。
2024-11-09 01:39:04,182 - __main__ - INFO - 端口 604 是关闭的。
2024-11-09 01:39:04,221 - __main__ - INFO - 端口 605 是关闭的。
2024-11-09 01:39:04,262 - __main__ - INFO - 端口 606 是关闭的。
2024-11-09 01:39:04,303 - __main__ - INFO - 端口 607 是关闭的。
2024-11-09 01:39:04,337 - __main__ - INFO - 端口 608 是关闭的。
2024-11-09 01:39:04,375 - __main__ - INFO - 端口 609 是关闭的。
2024-11-09 01:39:04,415 - __main__ - INFO - 端口 610 是关闭的。
2024-11-09 01:39:04,458 - __main__ - INFO - 端口 611 是关闭的。
2024-11-09 01:39:04,493 - __main__ - INFO - 端口 612 是关闭的。
2024-11-09 01:39:04,536 - __main__ - INFO - 端口 613 是关闭的。
2024-11-09 01:39:04,573 - __main__ - INFO - 端口 614 是关闭的。
2024-11-09 01:39:04,615 - __main__ - INFO - 端口 615 是关闭的。
2024-11-09 01:39:04,652 - __main__ - INFO - 端口 616 是关闭的。
2024-11-09 01:39:04,694 - __main__ - INFO - 端口 617 是关闭的。
2024-11-09 01:39:04,731 - __main__ - INFO - 端口 618 是关闭的。
2024-11-09 01:39:04,769 - __main__ - INFO - 端口 619 是关闭的。
2024-11-09 01:39:04,810 - __main__ - INFO - 端口 620 是关闭的。
2024-11-09 01:39:04,845 - __main__ - INFO - 端口 621 是关闭的。
2024-11-09 01:39:04,887 - __main__ - INFO - 端口 622 是关闭的。
2024-11-09 01:39:04,927 - __main__ - INFO - 端口 623 是关闭的。
2024-11-09 01:39:04,967 - __main__ - INFO - 端口 624 是关闭的。
2024-11-09 01:39:05,004 - __main__ - INFO - 端口 625 是关闭的。
2024-11-09 01:39:05,043 - __main__ - INFO - 端口 626 是关闭的。
2024-11-09 01:39:05,084 - __main__ - INFO - 端口 627 是关闭的。
2024-11-09 01:39:05,121 - __main__ - INFO - 端口 628 是关闭的。
2024-11-09 01:39:05,162 - __main__ - INFO - 端口 629 是关闭的。
2024-11-09 01:39:05,200 - __main__ - INFO - 端口 630 是关闭的。
2024-11-09 01:39:05,240 - __main__ - INFO - 端口 631 是关闭的。
2024-11-09 01:39:05,279 - __main__ - INFO - 端口 632 是关闭的。
2024-11-09 01:39:05,316 - __main__ - INFO - 端口 633 是关闭的。
2024-11-09 01:39:05,358 - __main__ - INFO - 端口 634 是关闭的。
2024-11-09 01:39:05,392 - __main__ - INFO - 端口 635 是关闭的。
2024-11-09 01:39:05,430 - __main__ - INFO - 端口 636 是关闭的。
2024-11-09 01:39:05,464 - __main__ - INFO - 端口 637 是关闭的。
2024-11-09 01:39:05,500 - __main__ - INFO - 端口 638 是关闭的。
2024-11-09 01:39:05,539 - __main__ - INFO - 端口 639 是关闭的。
2024-11-09 01:39:05,580 - __main__ - INFO - 端口 640 是关闭的。
2024-11-09 01:39:05,619 - __main__ - INFO - 端口 641 是关闭的。
2024-11-09 01:39:05,656 - __main__ - INFO - 端口 642 是关闭的。
2024-11-09 01:39:05,696 - __main__ - INFO - 端口 643 是关闭的。
2024-11-09 01:39:05,733 - __main__ - INFO - 端口 644 是关闭的。
2024-11-09 01:39:05,770 - __main__ - INFO - 端口 645 是关闭的。
2024-11-09 01:39:05,811 - __main__ - INFO - 端口 646 是关闭的。
2024-11-09 01:39:05,849 - __main__ - INFO - 端口 647 是关闭的。
2024-11-09 01:39:05,889 - __main__ - INFO - 端口 648 是关闭的。
2024-11-09 01:39:05,926 - __main__ - INFO - 端口 649 是关闭的。
2024-11-09 01:39:05,967 - __main__ - INFO - 端口 650 是关闭的。
2024-11-09 01:39:06,004 - __main__ - INFO - 端口 651 是关闭的。
2024-11-09 01:39:06,044 - __main__ - INFO - 端口 652 是关闭的。
2024-11-09 01:39:06,084 - __main__ - INFO - 端口 653 是关闭的。
2024-11-09 01:39:06,124 - __main__ - INFO - 端口 654 是关闭的。
2024-11-09 01:39:06,163 - __main__ - INFO - 端口 655 是关闭的。
2024-11-09 01:39:06,204 - __main__ - INFO - 端口 656 是关闭的。
2024-11-09 01:39:06,243 - __main__ - INFO - 端口 657 是关闭的。
2024-11-09 01:39:06,282 - __main__ - INFO - 端口 658 是关闭的。
2024-11-09 01:39:06,321 - __main__ - INFO - 端口 659 是关闭的。
2024-11-09 01:39:06,359 - __main__ - INFO - 端口 660 是关闭的。
2024-11-09 01:39:06,403 - __main__ - INFO - 端口 661 是关闭的。
2024-11-09 01:39:06,443 - __main__ - INFO - 端口 662 是关闭的。
2024-11-09 01:39:06,482 - __main__ - INFO - 端口 663 是关闭的。
2024-11-09 01:39:06,521 - __main__ - INFO - 端口 664 是关闭的。
2024-11-09 01:39:06,557 - __main__ - INFO - 端口 665 是关闭的。
2024-11-09 01:39:06,593 - __main__ - INFO - 端口 666 是关闭的。
2024-11-09 01:39:06,630 - __main__ - INFO - 端口 667 是关闭的。
2024-11-09 01:39:06,669 - __main__ - INFO - 端口 668 是关闭的。
2024-11-09 01:39:06,710 - __main__ - INFO - 端口 669 是关闭的。
2024-11-09 01:39:06,752 - __main__ - INFO - 端口 670 是关闭的。
2024-11-09 01:39:06,794 - __main__ - INFO - 端口 671 是关闭的。
2024-11-09 01:39:06,833 - __main__ - INFO - 端口 672 是关闭的。
2024-11-09 01:39:06,868 - __main__ - INFO - 端口 673 是关闭的。
2024-11-09 01:39:06,912 - __main__ - INFO - 端口 674 是关闭的。
2024-11-09 01:39:06,950 - __main__ - INFO - 端口 675 是关闭的。
2024-11-09 01:39:06,992 - __main__ - INFO - 端口 676 是关闭的。
2024-11-09 01:39:07,031 - __main__ - INFO - 端口 677 是关闭的。
2024-11-09 01:39:07,069 - __main__ - INFO - 端口 678 是关闭的。
2024-11-09 01:39:07,110 - __main__ - INFO - 端口 679 是关闭的。
2024-11-09 01:39:09,112 - __main__ - INFO - 端口 680 是关闭的。
2024-11-09 01:39:11,115 - __main__ - INFO - 端口 681 是关闭的。
2024-11-09 01:39:13,117 - __main__ - INFO - 端口 682 是关闭的。
2024-11-09 01:39:15,119 - __main__ - INFO - 端口 683 是关闭的。
2024-11-09 01:39:17,122 - __main__ - INFO - 端口 684 是关闭的。
2024-11-09 01:39:19,124 - __main__ - INFO - 端口 685 是关闭的。
2024-11-09 01:39:21,127 - __main__ - INFO - 端口 686 是关闭的。
2024-11-09 01:39:23,129 - __main__ - INFO - 端口 687 是关闭的。
2024-11-09 01:39:25,131 - __main__ - INFO - 端口 688 是关闭的。
2024-11-09 01:39:27,134 - __main__ - INFO - 端口 689 是关闭的。
2024-11-09 01:39:29,136 - __main__ - INFO - 端口 690 是关闭的。
2024-11-09 01:39:29,170 - __main__ - INFO - 端口 691 是关闭的。
2024-11-09 01:39:29,207 - __main__ - INFO - 端口 692 是关闭的。
2024-11-09 01:39:29,247 - __main__ - INFO - 端口 693 是关闭的。
2024-11-09 01:39:29,286 - __main__ - INFO - 端口 694 是关闭的。
2024-11-09 01:39:29,322 - __main__ - INFO - 端口 695 是关闭的。
2024-11-09 01:39:29,359 - __main__ - INFO - 端口 696 是关闭的。
2024-11-09 01:39:29,395 - __main__ - INFO - 端口 697 是关闭的。
2024-11-09 01:39:29,435 - __main__ - INFO - 端口 698 是关闭的。
2024-11-09 01:39:29,476 - __main__ - INFO - 端口 699 是关闭的。
2024-11-09 01:39:31,478 - __main__ - INFO - 端口 700 是关闭的。
2024-11-09 01:39:31,516 - __main__ - INFO - 端口 701 是关闭的。
2024-11-09 01:39:31,555 - __main__ - INFO - 端口 702 是关闭的。
2024-11-09 01:39:31,593 - __main__ - INFO - 端口 703 是关闭的。
2024-11-09 01:39:31,631 - __main__ - INFO - 端口 704 是关闭的。
2024-11-09 01:39:31,666 - __main__ - INFO - 端口 705 是关闭的。
2024-11-09 01:39:31,706 - __main__ - INFO - 端口 706 是关闭的。
2024-11-09 01:39:31,742 - __main__ - INFO - 端口 707 是关闭的。
2024-11-09 01:39:31,782 - __main__ - INFO - 端口 708 是关闭的。
2024-11-09 01:39:31,826 - __main__ - INFO - 端口 709 是关闭的。
2024-11-09 01:39:31,864 - __main__ - INFO - 端口 710 是关闭的。
2024-11-09 01:39:31,899 - __main__ - INFO - 端口 711 是关闭的。
2024-11-09 01:39:31,940 - __main__ - INFO - 端口 712 是关闭的。
2024-11-09 01:39:31,977 - __main__ - INFO - 端口 713 是关闭的。
2024-11-09 01:39:32,019 - __main__ - INFO - 端口 714 是关闭的。
2024-11-09 01:39:32,056 - __main__ - INFO - 端口 715 是关闭的。
2024-11-09 01:39:32,093 - __main__ - INFO - 端口 716 是关闭的。
2024-11-09 01:39:32,135 - __main__ - INFO - 端口 717 是关闭的。
2024-11-09 01:39:32,178 - __main__ - INFO - 端口 718 是关闭的。
2024-11-09 01:39:32,219 - __main__ - INFO - 端口 719 是关闭的。
2024-11-09 01:39:32,257 - __main__ - INFO - 端口 720 是关闭的。
2024-11-09 01:39:32,299 - __main__ - INFO - 端口 721 是关闭的。
2024-11-09 01:39:32,336 - __main__ - INFO - 端口 722 是关闭的。
2024-11-09 01:39:32,378 - __main__ - INFO - 端口 723 是关闭的。
2024-11-09 01:39:32,415 - __main__ - INFO - 端口 724 是关闭的。
2024-11-09 01:39:32,459 - __main__ - INFO - 端口 725 是关闭的。
2024-11-09 01:39:32,501 - __main__ - INFO - 端口 726 是关闭的。
2024-11-09 01:39:32,536 - __main__ - INFO - 端口 727 是关闭的。
2024-11-09 01:39:32,575 - __main__ - INFO - 端口 728 是关闭的。
2024-11-09 01:39:32,611 - __main__ - INFO - 端口 729 是关闭的。
2024-11-09 01:39:32,647 - __main__ - INFO - 端口 730 是关闭的。
2024-11-09 01:39:32,685 - __main__ - INFO - 端口 731 是关闭的。
2024-11-09 01:39:32,726 - __main__ - INFO - 端口 732 是关闭的。
2024-11-09 01:39:32,766 - __main__ - INFO - 端口 733 是关闭的。
2024-11-09 01:39:32,801 - __main__ - INFO - 端口 734 是关闭的。
2024-11-09 01:39:32,842 - __main__ - INFO - 端口 735 是关闭的。
2024-11-09 01:39:32,880 - __main__ - INFO - 端口 736 是关闭的。
2024-11-09 01:39:32,920 - __main__ - INFO - 端口 737 是关闭的。
2024-11-09 01:39:32,960 - __main__ - INFO - 端口 738 是关闭的。
2024-11-09 01:39:32,998 - __main__ - INFO - 端口 739 是关闭的。
2024-11-09 01:39:33,039 - __main__ - INFO - 端口 740 是关闭的。
2024-11-09 01:39:33,075 - __main__ - INFO - 端口 741 是关闭的。
2024-11-09 01:39:33,118 - __main__ - INFO - 端口 742 是关闭的。
2024-11-09 01:39:33,160 - __main__ - INFO - 端口 743 是关闭的。
2024-11-09 01:39:33,205 - __main__ - INFO - 端口 744 是关闭的。
2024-11-09 01:39:33,241 - __main__ - INFO - 端口 745 是关闭的。
2024-11-09 01:39:33,282 - __main__ - INFO - 端口 746 是关闭的。
2024-11-09 01:39:33,320 - __main__ - INFO - 端口 747 是关闭的。
2024-11-09 01:39:33,361 - __main__ - INFO - 端口 748 是关闭的。
2024-11-09 01:39:33,403 - __main__ - INFO - 端口 749 是关闭的。
2024-11-09 01:39:33,441 - __main__ - INFO - 端口 750 是关闭的。
2024-11-09 01:39:33,483 - __main__ - INFO - 端口 751 是关闭的。
2024-11-09 01:39:33,524 - __main__ - INFO - 端口 752 是关闭的。
2024-11-09 01:39:33,559 - __main__ - INFO - 端口 753 是关闭的。
2024-11-09 01:39:33,599 - __main__ - INFO - 端口 754 是关闭的。
2024-11-09 01:39:33,634 - __main__ - INFO - 端口 755 是关闭的。
2024-11-09 01:39:33,674 - __main__ - INFO - 端口 756 是关闭的。
2024-11-09 01:39:33,710 - __main__ - INFO - 端口 757 是关闭的。
2024-11-09 01:39:33,749 - __main__ - INFO - 端口 758 是关闭的。
2024-11-09 01:39:33,791 - __main__ - INFO - 端口 759 是关闭的。
2024-11-09 01:39:33,827 - __main__ - INFO - 端口 760 是关闭的。
2024-11-09 01:39:33,865 - __main__ - INFO - 端口 761 是关闭的。
2024-11-09 01:39:33,900 - __main__ - INFO - 端口 762 是关闭的。
2024-11-09 01:39:33,940 - __main__ - INFO - 端口 763 是关闭的。
2024-11-09 01:39:33,978 - __main__ - INFO - 端口 764 是关闭的。
2024-11-09 01:39:34,013 - __main__ - INFO - 端口 765 是关闭的。
2024-11-09 01:39:34,052 - __main__ - INFO - 端口 766 是关闭的。
2024-11-09 01:39:34,093 - __main__ - INFO - 端口 767 是关闭的。
2024-11-09 01:39:34,129 - __main__ - INFO - 端口 768 是关闭的。
2024-11-09 01:39:34,171 - __main__ - INFO - 端口 769 是关闭的。
2024-11-09 01:39:34,207 - __main__ - INFO - 端口 770 是关闭的。
2024-11-09 01:39:34,248 - __main__ - INFO - 端口 771 是关闭的。
2024-11-09 01:39:34,285 - __main__ - INFO - 端口 772 是关闭的。
2024-11-09 01:39:34,323 - __main__ - INFO - 端口 773 是关闭的。
2024-11-09 01:39:34,363 - __main__ - INFO - 端口 774 是关闭的。
2024-11-09 01:39:34,405 - __main__ - INFO - 端口 775 是关闭的。
2024-11-09 01:39:34,446 - __main__ - INFO - 端口 776 是关闭的。
2024-11-09 01:39:34,482 - __main__ - INFO - 端口 777 是关闭的。
2024-11-09 01:39:34,517 - __main__ - INFO - 端口 778 是关闭的。
2024-11-09 01:39:34,555 - __main__ - INFO - 端口 779 是关闭的。
2024-11-09 01:39:34,594 - __main__ - INFO - 端口 780 是关闭的。
2024-11-09 01:39:34,634 - __main__ - INFO - 端口 781 是关闭的。
2024-11-09 01:39:34,676 - __main__ - INFO - 端口 782 是关闭的。
2024-11-09 01:39:34,718 - __main__ - INFO - 端口 783 是关闭的。
2024-11-09 01:39:34,756 - __main__ - INFO - 端口 784 是关闭的。
2024-11-09 01:39:34,793 - __main__ - INFO - 端口 785 是关闭的。
2024-11-09 01:39:34,833 - __main__ - INFO - 端口 786 是关闭的。
2024-11-09 01:39:34,873 - __main__ - INFO - 端口 787 是关闭的。
2024-11-09 01:39:34,912 - __main__ - INFO - 端口 788 是关闭的。
2024-11-09 01:39:34,949 - __main__ - INFO - 端口 789 是关闭的。
2024-11-09 01:39:34,987 - __main__ - INFO - 端口 790 是关闭的。
2024-11-09 01:39:35,026 - __main__ - INFO - 端口 791 是关闭的。
2024-11-09 01:39:35,067 - __main__ - INFO - 端口 792 是关闭的。
2024-11-09 01:39:35,108 - __main__ - INFO - 端口 793 是关闭的。
2024-11-09 01:39:35,145 - __main__ - INFO - 端口 794 是关闭的。
2024-11-09 01:39:35,184 - __main__ - INFO - 端口 795 是关闭的。
2024-11-09 01:39:35,223 - __main__ - INFO - 端口 796 是关闭的。
2024-11-09 01:39:35,262 - __main__ - INFO - 端口 797 是关闭的。
2024-11-09 01:39:35,297 - __main__ - INFO - 端口 798 是关闭的。
2024-11-09 01:39:35,340 - __main__ - INFO - 端口 799 是关闭的。
2024-11-09 01:39:35,380 - __main__ - INFO - 端口 800 是关闭的。
2024-11-09 01:39:35,416 - __main__ - INFO - 端口 801 是关闭的。
2024-11-09 01:39:35,455 - __main__ - INFO - 端口 802 是关闭的。
2024-11-09 01:39:35,495 - __main__ - INFO - 端口 803 是关闭的。
2024-11-09 01:39:35,533 - __main__ - INFO - 端口 804 是关闭的。
2024-11-09 01:39:35,576 - __main__ - INFO - 端口 805 是关闭的。
2024-11-09 01:39:35,612 - __main__ - INFO - 端口 806 是关闭的。
2024-11-09 01:39:35,654 - __main__ - INFO - 端口 807 是关闭的。
2024-11-09 01:39:35,693 - __main__ - INFO - 端口 808 是关闭的。
2024-11-09 01:39:35,730 - __main__ - INFO - 端口 809 是关闭的。
2024-11-09 01:39:35,769 - __main__ - INFO - 端口 810 是关闭的。
2024-11-09 01:39:35,812 - __main__ - INFO - 端口 811 是关闭的。
2024-11-09 01:39:35,850 - __main__ - INFO - 端口 812 是关闭的。
2024-11-09 01:39:35,886 - __main__ - INFO - 端口 813 是关闭的。
2024-11-09 01:39:35,926 - __main__ - INFO - 端口 814 是关闭的。
2024-11-09 01:39:35,965 - __main__ - INFO - 端口 815 是关闭的。
2024-11-09 01:39:36,004 - __main__ - INFO - 端口 816 是关闭的。
2024-11-09 01:39:36,040 - __main__ - INFO - 端口 817 是关闭的。
2024-11-09 01:39:36,083 - __main__ - INFO - 端口 818 是关闭的。
2024-11-09 01:39:36,124 - __main__ - INFO - 端口 819 是关闭的。
2024-11-09 01:39:36,162 - __main__ - INFO - 端口 820 是关闭的。
2024-11-09 01:39:36,200 - __main__ - INFO - 端口 821 是关闭的。
2024-11-09 01:39:36,240 - __main__ - INFO - 端口 822 是关闭的。
2024-11-09 01:39:36,276 - __main__ - INFO - 端口 823 是关闭的。
2024-11-09 01:39:36,313 - __main__ - INFO - 端口 824 是关闭的。
2024-11-09 01:39:36,353 - __main__ - INFO - 端口 825 是关闭的。
2024-11-09 01:39:36,391 - __main__ - INFO - 端口 826 是关闭的。
2024-11-09 01:39:36,430 - __main__ - INFO - 端口 827 是关闭的。
2024-11-09 01:39:36,468 - __main__ - INFO - 端口 828 是关闭的。
2024-11-09 01:39:36,506 - __main__ - INFO - 端口 829 是关闭的。
2024-11-09 01:39:36,542 - __main__ - INFO - 端口 830 是关闭的。
2024-11-09 01:39:36,580 - __main__ - INFO - 端口 831 是关闭的。
2024-11-09 01:39:36,620 - __main__ - INFO - 端口 832 是关闭的。
2024-11-09 01:39:36,659 - __main__ - INFO - 端口 833 是关闭的。
2024-11-09 01:39:36,698 - __main__ - INFO - 端口 834 是关闭的。
2024-11-09 01:39:36,741 - __main__ - INFO - 端口 835 是关闭的。
2024-11-09 01:39:36,777 - __main__ - INFO - 端口 836 是关闭的。
2024-11-09 01:39:36,815 - __main__ - INFO - 端口 837 是关闭的。
2024-11-09 01:39:36,854 - __main__ - INFO - 端口 838 是关闭的。
2024-11-09 01:39:36,889 - __main__ - INFO - 端口 839 是关闭的。
2024-11-09 01:39:36,928 - __main__ - INFO - 端口 840 是关闭的。
2024-11-09 01:39:36,962 - __main__ - INFO - 端口 841 是关闭的。
2024-11-09 01:39:37,003 - __main__ - INFO - 端口 842 是关闭的。
2024-11-09 01:39:37,045 - __main__ - INFO - 端口 843 是关闭的。
2024-11-09 01:39:37,085 - __main__ - INFO - 端口 844 是关闭的。
2024-11-09 01:39:37,122 - __main__ - INFO - 端口 845 是关闭的。
2024-11-09 01:39:37,163 - __main__ - INFO - 端口 846 是关闭的。
2024-11-09 01:39:37,200 - __main__ - INFO - 端口 847 是关闭的。
2024-11-09 01:39:37,238 - __main__ - INFO - 端口 848 是关闭的。
2024-11-09 01:39:37,277 - __main__ - INFO - 端口 849 是关闭的。
2024-11-09 01:39:37,318 - __main__ - INFO - 端口 850 是关闭的。
2024-11-09 01:39:37,355 - __main__ - INFO - 端口 851 是关闭的。
2024-11-09 01:39:37,393 - __main__ - INFO - 端口 852 是关闭的。
2024-11-09 01:39:37,434 - __main__ - INFO - 端口 853 是关闭的。
2024-11-09 01:39:37,472 - __main__ - INFO - 端口 854 是关闭的。
2024-11-09 01:39:37,510 - __main__ - INFO - 端口 855 是关闭的。
2024-11-09 01:39:37,550 - __main__ - INFO - 端口 856 是关闭的。
2024-11-09 01:39:37,589 - __main__ - INFO - 端口 857 是关闭的。
2024-11-09 01:39:37,627 - __main__ - INFO - 端口 858 是关闭的。
2024-11-09 01:39:37,668 - __main__ - INFO - 端口 859 是关闭的。
2024-11-09 01:39:37,707 - __main__ - INFO - 端口 860 是关闭的。
2024-11-09 01:39:37,744 - __main__ - INFO - 端口 861 是关闭的。
2024-11-09 01:39:37,783 - __main__ - INFO - 端口 862 是关闭的。
2024-11-09 01:39:37,823 - __main__ - INFO - 端口 863 是关闭的。
2024-11-09 01:39:37,860 - __main__ - INFO - 端口 864 是关闭的。
2024-11-09 01:39:37,901 - __main__ - INFO - 端口 865 是关闭的。
2024-11-09 01:39:37,941 - __main__ - INFO - 端口 866 是关闭的。
2024-11-09 01:39:37,977 - __main__ - INFO - 端口 867 是关闭的。
2024-11-09 01:39:38,020 - __main__ - INFO - 端口 868 是关闭的。
2024-11-09 01:39:38,057 - __main__ - INFO - 端口 869 是关闭的。
2024-11-09 01:39:38,097 - __main__ - INFO - 端口 870 是关闭的。
2024-11-09 01:39:38,133 - __main__ - INFO - 端口 871 是关闭的。
2024-11-09 01:39:38,172 - __main__ - INFO - 端口 872 是关闭的。
2024-11-09 01:39:38,214 - __main__ - INFO - 端口 873 是关闭的。
2024-11-09 01:39:38,252 - __main__ - INFO - 端口 874 是关闭的。
2024-11-09 01:39:38,290 - __main__ - INFO - 端口 875 是关闭的。
2024-11-09 01:39:38,335 - __main__ - INFO - 端口 876 是关闭的。
2024-11-09 01:39:38,374 - __main__ - INFO - 端口 877 是关闭的。
2024-11-09 01:39:38,409 - __main__ - INFO - 端口 878 是关闭的。
2024-11-09 01:39:38,451 - __main__ - INFO - 端口 879 是关闭的。
2024-11-09 01:39:38,493 - __main__ - INFO - 端口 880 是关闭的。
2024-11-09 01:39:38,533 - __main__ - INFO - 端口 881 是关闭的。
2024-11-09 01:39:38,568 - __main__ - INFO - 端口 882 是关闭的。
2024-11-09 01:39:38,608 - __main__ - INFO - 端口 883 是关闭的。
2024-11-09 01:39:38,646 - __main__ - INFO - 端口 884 是关闭的。
2024-11-09 01:39:38,686 - __main__ - INFO - 端口 885 是关闭的。
2024-11-09 01:39:38,725 - __main__ - INFO - 端口 886 是关闭的。
2024-11-09 01:39:38,762 - __main__ - INFO - 端口 887 是关闭的。
2024-11-09 01:39:38,801 - __main__ - INFO - 端口 888 是关闭的。
2024-11-09 01:39:38,837 - __main__ - INFO - 端口 889 是关闭的。
2024-11-09 01:39:38,875 - __main__ - INFO - 端口 890 是关闭的。
2024-11-09 01:39:38,916 - __main__ - INFO - 端口 891 是关闭的。
2024-11-09 01:39:38,955 - __main__ - INFO - 端口 892 是关闭的。
2024-11-09 01:39:38,995 - __main__ - INFO - 端口 893 是关闭的。
2024-11-09 01:39:39,037 - __main__ - INFO - 端口 894 是关闭的。
2024-11-09 01:39:39,081 - __main__ - INFO - 端口 895 是关闭的。
2024-11-09 01:39:39,117 - __main__ - INFO - 端口 896 是关闭的。
2024-11-09 01:39:39,157 - __main__ - INFO - 端口 897 是关闭的。
2024-11-09 01:39:39,195 - __main__ - INFO - 端口 898 是关闭的。
2024-11-09 01:39:39,237 - __main__ - INFO - 端口 899 是关闭的。
2024-11-09 01:39:39,272 - __main__ - INFO - 端口 900 是关闭的。
2024-11-09 01:39:39,310 - __main__ - INFO - 端口 901 是关闭的。
2024-11-09 01:39:39,349 - __main__ - INFO - 端口 902 是关闭的。
2024-11-09 01:39:39,387 - __main__ - INFO - 端口 903 是关闭的。
2024-11-09 01:39:39,423 - __main__ - INFO - 端口 904 是关闭的。
2024-11-09 01:39:39,464 - __main__ - INFO - 端口 905 是关闭的。
2024-11-09 01:39:39,506 - __main__ - INFO - 端口 906 是关闭的。
2024-11-09 01:39:39,548 - __main__ - INFO - 端口 907 是关闭的。
2024-11-09 01:39:39,588 - __main__ - INFO - 端口 908 是关闭的。
2024-11-09 01:39:39,627 - __main__ - INFO - 端口 909 是关闭的。
2024-11-09 01:39:39,669 - __main__ - INFO - 端口 910 是关闭的。
2024-11-09 01:39:39,705 - __main__ - INFO - 端口 911 是关闭的。
2024-11-09 01:39:39,743 - __main__ - INFO - 端口 912 是关闭的。
2024-11-09 01:39:39,787 - __main__ - INFO - 端口 913 是关闭的。
2024-11-09 01:39:39,825 - __main__ - INFO - 端口 914 是关闭的。
2024-11-09 01:39:39,864 - __main__ - INFO - 端口 915 是关闭的。
2024-11-09 01:39:39,903 - __main__ - INFO - 端口 916 是关闭的。
2024-11-09 01:39:39,942 - __main__ - INFO - 端口 917 是关闭的。
2024-11-09 01:39:39,982 - __main__ - INFO - 端口 918 是关闭的。
2024-11-09 01:39:40,022 - __main__ - INFO - 端口 919 是关闭的。
2024-11-09 01:39:40,059 - __main__ - INFO - 端口 920 是关闭的。
2024-11-09 01:39:40,097 - __main__ - INFO - 端口 921 是关闭的。
2024-11-09 01:39:40,135 - __main__ - INFO - 端口 922 是关闭的。
2024-11-09 01:39:40,170 - __main__ - INFO - 端口 923 是关闭的。
2024-11-09 01:39:40,215 - __main__ - INFO - 端口 924 是关闭的。
2024-11-09 01:39:40,257 - __main__ - INFO - 端口 925 是关闭的。
2024-11-09 01:39:40,298 - __main__ - INFO - 端口 926 是关闭的。
2024-11-09 01:39:40,336 - __main__ - INFO - 端口 927 是关闭的。
2024-11-09 01:39:40,373 - __main__ - INFO - 端口 928 是关闭的。
2024-11-09 01:39:40,412 - __main__ - INFO - 端口 929 是关闭的。
2024-11-09 01:39:40,449 - __main__ - INFO - 端口 930 是关闭的。
2024-11-09 01:39:40,488 - __main__ - INFO - 端口 931 是关闭的。
2024-11-09 01:39:40,531 - __main__ - INFO - 端口 932 是关闭的。
2024-11-09 01:39:40,568 - __main__ - INFO - 端口 933 是关闭的。
2024-11-09 01:39:40,605 - __main__ - INFO - 端口 934 是关闭的。
2024-11-09 01:39:40,644 - __main__ - INFO - 端口 935 是关闭的。
2024-11-09 01:39:40,685 - __main__ - INFO - 端口 936 是关闭的。
2024-11-09 01:39:40,724 - __main__ - INFO - 端口 937 是关闭的。
2024-11-09 01:39:40,761 - __main__ - INFO - 端口 938 是关闭的。
2024-11-09 01:39:40,799 - __main__ - INFO - 端口 939 是关闭的。
2024-11-09 01:39:40,837 - __main__ - INFO - 端口 940 是关闭的。
2024-11-09 01:39:40,877 - __main__ - INFO - 端口 941 是关闭的。
2024-11-09 01:39:40,911 - __main__ - INFO - 端口 942 是关闭的。
2024-11-09 01:39:40,947 - __main__ - INFO - 端口 943 是关闭的。
2024-11-09 01:39:40,989 - __main__ - INFO - 端口 944 是关闭的。
2024-11-09 01:39:41,025 - __main__ - INFO - 端口 945 是关闭的。
2024-11-09 01:39:41,063 - __main__ - INFO - 端口 946 是关闭的。
2024-11-09 01:39:41,105 - __main__ - INFO - 端口 947 是关闭的。
2024-11-09 01:39:41,146 - __main__ - INFO - 端口 948 是关闭的。
2024-11-09 01:39:41,185 - __main__ - INFO - 端口 949 是关闭的。
2024-11-09 01:39:41,225 - __main__ - INFO - 端口 950 是关闭的。
2024-11-09 01:39:41,263 - __main__ - INFO - 端口 951 是关闭的。
2024-11-09 01:39:41,301 - __main__ - INFO - 端口 952 是关闭的。
2024-11-09 01:39:41,340 - __main__ - INFO - 端口 953 是关闭的。
2024-11-09 01:39:41,383 - __main__ - INFO - 端口 954 是关闭的。
2024-11-09 01:39:41,423 - __main__ - INFO - 端口 955 是关闭的。
2024-11-09 01:39:41,461 - __main__ - INFO - 端口 956 是关闭的。
2024-11-09 01:39:41,499 - __main__ - INFO - 端口 957 是关闭的。
2024-11-09 01:39:41,540 - __main__ - INFO - 端口 958 是关闭的。
2024-11-09 01:39:41,578 - __main__ - INFO - 端口 959 是关闭的。
2024-11-09 01:39:41,614 - __main__ - INFO - 端口 960 是关闭的。
2024-11-09 01:39:41,651 - __main__ - INFO - 端口 961 是关闭的。
2024-11-09 01:39:41,689 - __main__ - INFO - 端口 962 是关闭的。
2024-11-09 01:39:41,725 - __main__ - INFO - 端口 963 是关闭的。
2024-11-09 01:39:41,761 - __main__ - INFO - 端口 964 是关闭的。
2024-11-09 01:39:41,794 - __main__ - INFO - 端口 965 是关闭的。
2024-11-09 01:39:41,830 - __main__ - INFO - 端口 966 是关闭的。
2024-11-09 01:39:41,873 - __main__ - INFO - 端口 967 是关闭的。
2024-11-09 01:39:41,915 - __main__ - INFO - 端口 968 是关闭的。
2024-11-09 01:39:41,954 - __main__ - INFO - 端口 969 是关闭的。
2024-11-09 01:39:41,993 - __main__ - INFO - 端口 970 是关闭的。
2024-11-09 01:39:42,030 - __main__ - INFO - 端口 971 是关闭的。
2024-11-09 01:39:42,072 - __main__ - INFO - 端口 972 是关闭的。
2024-11-09 01:39:42,115 - __main__ - INFO - 端口 973 是关闭的。
2024-11-09 01:39:42,157 - __main__ - INFO - 端口 974 是关闭的。
2024-11-09 01:39:42,198 - __main__ - INFO - 端口 975 是关闭的。
2024-11-09 01:39:42,244 - __main__ - INFO - 端口 976 是关闭的。
2024-11-09 01:39:42,285 - __main__ - INFO - 端口 977 是关闭的。
2024-11-09 01:39:42,326 - __main__ - INFO - 端口 978 是关闭的。
2024-11-09 01:39:42,368 - __main__ - INFO - 端口 979 是关闭的。
2024-11-09 01:39:42,405 - __main__ - INFO - 端口 980 是关闭的。
2024-11-09 01:39:42,446 - __main__ - INFO - 端口 981 是关闭的。
2024-11-09 01:39:42,485 - __main__ - INFO - 端口 982 是关闭的。
2024-11-09 01:39:42,521 - __main__ - INFO - 端口 983 是关闭的。
2024-11-09 01:39:42,557 - __main__ - INFO - 端口 984 是关闭的。
2024-11-09 01:39:42,595 - __main__ - INFO - 端口 985 是关闭的。
2024-11-09 01:39:42,630 - __main__ - INFO - 端口 986 是关闭的。
2024-11-09 01:39:42,671 - __main__ - INFO - 端口 987 是关闭的。
2024-11-09 01:39:42,710 - __main__ - INFO - 端口 988 是关闭的。
2024-11-09 01:39:42,752 - __main__ - INFO - 端口 989 是关闭的。
2024-11-09 01:39:42,788 - __main__ - INFO - 端口 990 是关闭的。
2024-11-09 01:39:42,827 - __main__ - INFO - 端口 991 是关闭的。
2024-11-09 01:39:42,868 - __main__ - INFO - 端口 992 是关闭的。
2024-11-09 01:39:42,905 - __main__ - INFO - 端口 993 是关闭的。
2024-11-09 01:39:42,942 - __main__ - INFO - 端口 994 是关闭的。
2024-11-09 01:39:42,978 - __main__ - INFO - 端口 995 是关闭的。
2024-11-09 01:39:43,019 - __main__ - INFO - 端口 996 是关闭的。
2024-11-09 01:39:43,060 - __main__ - INFO - 端口 997 是关闭的。
2024-11-09 01:39:43,099 - __main__ - INFO - 端口 998 是关闭的。
2024-11-09 01:39:43,135 - __main__ - INFO - 端口 999 是关闭的。
2024-11-09 01:39:43,171 - __main__ - INFO - 端口 1000 是关闭的。
2024-11-09 01:39:43,207 - __main__ - INFO - 端口 1001 是关闭的。
2024-11-09 01:39:43,251 - __main__ - INFO - 端口 1002 是关闭的。
2024-11-09 01:39:43,295 - __main__ - INFO - 端口 1003 是关闭的。
2024-11-09 01:39:43,334 - __main__ - INFO - 端口 1004 是关闭的。
2024-11-09 01:39:43,376 - __main__ - INFO - 端口 1005 是关闭的。
2024-11-09 01:39:43,416 - __main__ - INFO - 端口 1006 是关闭的。
2024-11-09 01:39:43,456 - __main__ - INFO - 端口 1007 是关闭的。
2024-11-09 01:39:43,496 - __main__ - INFO - 端口 1008 是关闭的。
2024-11-09 01:39:43,537 - __main__ - INFO - 端口 1009 是关闭的。
2024-11-09 01:39:43,578 - __main__ - INFO - 端口 1010 是关闭的。
2024-11-09 01:39:43,618 - __main__ - INFO - 端口 1011 是关闭的。
2024-11-09 01:39:43,655 - __main__ - INFO - 端口 1012 是关闭的。
2024-11-09 01:39:43,694 - __main__ - INFO - 端口 1013 是关闭的。
2024-11-09 01:39:43,732 - __main__ - INFO - 端口 1014 是关闭的。
2024-11-09 01:39:43,769 - __main__ - INFO - 端口 1015 是关闭的。
2024-11-09 01:39:43,806 - __main__ - INFO - 端口 1016 是关闭的。
2024-11-09 01:39:43,849 - __main__ - INFO - 端口 1017 是关闭的。
2024-11-09 01:39:43,886 - __main__ - INFO - 端口 1018 是关闭的。
2024-11-09 01:39:43,925 - __main__ - INFO - 端口 1019 是关闭的。
2024-11-09 01:39:43,967 - __main__ - INFO - 端口 1020 是关闭的。
2024-11-09 01:39:44,005 - __main__ - INFO - 端口 1021 是关闭的。
2024-11-09 01:39:44,045 - __main__ - INFO - 端口 1022 是关闭的。
2024-11-09 01:39:44,087 - __main__ - INFO - 端口 1023 是关闭的。
2024-11-09 01:39:44,125 - __main__ - INFO - 端口 1024 是关闭的。
2024-11-09 01:39:46,128 - __main__ - INFO - 端口 1025 是关闭的。
2024-11-09 01:39:46,170 - __main__ - INFO - 端口 1026 是关闭的。
2024-11-09 01:39:46,207 - __main__ - INFO - 端口 1027 是关闭的。
2024-11-09 01:39:46,247 - __main__ - INFO - 端口 1028 是关闭的。
2024-11-09 01:39:46,291 - __main__ - INFO - 端口 1029 是关闭的。
2024-11-09 01:39:46,330 - __main__ - INFO - 端口 1030 是关闭的。
2024-11-09 01:39:46,372 - __main__ - INFO - 端口 1031 是关闭的。
2024-11-09 01:39:46,410 - __main__ - INFO - 端口 1032 是关闭的。
2024-11-09 01:39:46,446 - __main__ - INFO - 端口 1033 是关闭的。
2024-11-09 01:39:46,490 - __main__ - INFO - 端口 1034 是关闭的。
2024-11-09 01:39:46,526 - __main__ - INFO - 端口 1035 是关闭的。
2024-11-09 01:39:46,566 - __main__ - INFO - 端口 1036 是关闭的。
2024-11-09 01:39:46,603 - __main__ - INFO - 端口 1037 是关闭的。
2024-11-09 01:39:46,642 - __main__ - INFO - 端口 1038 是关闭的。
2024-11-09 01:39:46,681 - __main__ - INFO - 端口 1039 是关闭的。
2024-11-09 01:39:46,719 - __main__ - INFO - 端口 1040 是关闭的。
2024-11-09 01:39:46,758 - __main__ - INFO - 端口 1041 是关闭的。
2024-11-09 01:39:46,803 - __main__ - INFO - 端口 1042 是关闭的。
2024-11-09 01:39:46,843 - __main__ - INFO - 端口 1043 是关闭的。
2024-11-09 01:39:46,881 - __main__ - INFO - 端口 1044 是关闭的。
2024-11-09 01:39:46,922 - __main__ - INFO - 端口 1045 是关闭的。
2024-11-09 01:39:46,964 - __main__ - INFO - 端口 1046 是关闭的。
2024-11-09 01:39:47,002 - __main__ - INFO - 端口 1047 是关闭的。
2024-11-09 01:39:47,041 - __main__ - INFO - 端口 1048 是关闭的。
2024-11-09 01:39:47,081 - __main__ - INFO - 端口 1049 是关闭的。
2024-11-09 01:39:47,116 - __main__ - INFO - 端口 1050 是关闭的。
2024-11-09 01:39:47,151 - __main__ - INFO - 端口 1051 是关闭的。
2024-11-09 01:39:47,194 - __main__ - INFO - 端口 1052 是关闭的。
2024-11-09 01:39:47,233 - __main__ - INFO - 端口 1053 是关闭的。
2024-11-09 01:39:47,271 - __main__ - INFO - 端口 1054 是关闭的。
2024-11-09 01:39:47,308 - __main__ - INFO - 端口 1055 是关闭的。
2024-11-09 01:39:47,350 - __main__ - INFO - 端口 1056 是关闭的。
2024-11-09 01:39:47,389 - __main__ - INFO - 端口 1057 是关闭的。
2024-11-09 01:39:47,432 - __main__ - INFO - 端口 1058 是关闭的。
2024-11-09 01:39:47,472 - __main__ - INFO - 端口 1059 是关闭的。
2024-11-09 01:39:47,510 - __main__ - INFO - 端口 1060 是关闭的。
2024-11-09 01:39:47,548 - __main__ - INFO - 端口 1061 是关闭的。
2024-11-09 01:39:47,588 - __main__ - INFO - 端口 1062 是关闭的。
2024-11-09 01:39:47,630 - __main__ - INFO - 端口 1063 是关闭的。
2024-11-09 01:39:47,671 - __main__ - INFO - 端口 1064 是关闭的。
2024-11-09 01:39:47,711 - __main__ - INFO - 端口 1065 是关闭的。
2024-11-09 01:39:47,751 - __main__ - INFO - 端口 1066 是关闭的。
2024-11-09 01:39:47,788 - __main__ - INFO - 端口 1067 是关闭的。
2024-11-09 01:39:49,788 - __main__ - INFO - 端口 1068 是关闭的。
2024-11-09 01:39:49,831 - __main__ - INFO - 端口 1069 是关闭的。
2024-11-09 01:39:49,870 - __main__ - INFO - 端口 1070 是关闭的。
2024-11-09 01:39:49,908 - __main__ - INFO - 端口 1071 是关闭的。
2024-11-09 01:39:49,947 - __main__ - INFO - 端口 1072 是关闭的。
2024-11-09 01:39:49,988 - __main__ - INFO - 端口 1073 是关闭的。
2024-11-09 01:39:50,032 - __main__ - INFO - 端口 1074 是关闭的。
2024-11-09 01:39:50,074 - __main__ - INFO - 端口 1075 是关闭的。
2024-11-09 01:39:50,115 - __main__ - INFO - 端口 1076 是关闭的。
2024-11-09 01:39:50,153 - __main__ - INFO - 端口 1077 是关闭的。
2024-11-09 01:39:50,190 - __main__ - INFO - 端口 1078 是关闭的。
2024-11-09 01:39:50,229 - __main__ - INFO - 端口 1079 是关闭的。
2024-11-09 01:39:50,268 - __main__ - INFO - 端口 1080 是关闭的。
2024-11-09 01:39:50,307 - __main__ - INFO - 端口 1081 是关闭的。
2024-11-09 01:39:50,349 - __main__ - INFO - 端口 1082 是关闭的。
2024-11-09 01:39:50,391 - __main__ - INFO - 端口 1083 是关闭的。
2024-11-09 01:39:50,432 - __main__ - INFO - 端口 1084 是关闭的。
2024-11-09 01:39:50,472 - __main__ - INFO - 端口 1085 是关闭的。
2024-11-09 01:39:50,511 - __main__ - INFO - 端口 1086 是关闭的。
2024-11-09 01:39:50,550 - __main__ - INFO - 端口 1087 是关闭的。
2024-11-09 01:39:50,593 - __main__ - INFO - 端口 1088 是关闭的。
2024-11-09 01:39:50,634 - __main__ - INFO - 端口 1089 是关闭的。
2024-11-09 01:39:50,669 - __main__ - INFO - 端口 1090 是关闭的。
2024-11-09 01:39:50,712 - __main__ - INFO - 端口 1091 是关闭的。
2024-11-09 01:39:50,748 - __main__ - INFO - 端口 1092 是关闭的。
2024-11-09 01:39:50,784 - __main__ - INFO - 端口 1093 是关闭的。
2024-11-09 01:39:50,826 - __main__ - INFO - 端口 1094 是关闭的。
2024-11-09 01:39:50,864 - __main__ - INFO - 端口 1095 是关闭的。
2024-11-09 01:39:50,906 - __main__ - INFO - 端口 1096 是关闭的。
2024-11-09 01:39:50,946 - __main__ - INFO - 端口 1097 是关闭的。
2024-11-09 01:39:50,986 - __main__ - INFO - 端口 1098 是关闭的。
2024-11-09 01:39:51,028 - __main__ - INFO - 端口 1099 是关闭的。
2024-11-09 01:39:51,071 - __main__ - INFO - 端口 1100 是关闭的。
2024-11-09 01:39:51,109 - __main__ - INFO - 端口 1101 是关闭的。
2024-11-09 01:39:51,148 - __main__ - INFO - 端口 1102 是关闭的。
2024-11-09 01:39:51,185 - __main__ - INFO - 端口 1103 是关闭的。
2024-11-09 01:39:51,226 - __main__ - INFO - 端口 1104 是关闭的。
2024-11-09 01:39:51,265 - __main__ - INFO - 端口 1105 是关闭的。
2024-11-09 01:39:51,305 - __main__ - INFO - 端口 1106 是关闭的。
2024-11-09 01:39:51,344 - __main__ - INFO - 端口 1107 是关闭的。
2024-11-09 01:39:51,383 - __main__ - INFO - 端口 1108 是关闭的。
2024-11-09 01:39:51,420 - __main__ - INFO - 端口 1109 是关闭的。
2024-11-09 01:39:51,459 - __main__ - INFO - 端口 1110 是关闭的。
2024-11-09 01:39:51,498 - __main__ - INFO - 端口 1111 是关闭的。
2024-11-09 01:39:51,533 - __main__ - INFO - 端口 1112 是关闭的。
2024-11-09 01:39:51,572 - __main__ - INFO - 端口 1113 是关闭的。
2024-11-09 01:39:51,616 - __main__ - INFO - 端口 1114 是关闭的。
2024-11-09 01:39:51,655 - __main__ - INFO - 端口 1115 是关闭的。
2024-11-09 01:39:51,696 - __main__ - INFO - 端口 1116 是关闭的。
2024-11-09 01:39:51,735 - __main__ - INFO - 端口 1117 是关闭的。
2024-11-09 01:39:51,773 - __main__ - INFO - 端口 1118 是关闭的。
2024-11-09 01:39:51,812 - __main__ - INFO - 端口 1119 是关闭的。
2024-11-09 01:39:51,851 - __main__ - INFO - 端口 1120 是关闭的。
2024-11-09 01:39:51,896 - __main__ - INFO - 端口 1121 是关闭的。
2024-11-09 01:39:51,935 - __main__ - INFO - 端口 1122 是关闭的。
2024-11-09 01:39:51,974 - __main__ - INFO - 端口 1123 是关闭的。
2024-11-09 01:39:52,012 - __main__ - INFO - 端口 1124 是关闭的。
2024-11-09 01:39:52,053 - __main__ - INFO - 端口 1125 是关闭的。
2024-11-09 01:39:52,090 - __main__ - INFO - 端口 1126 是关闭的。
2024-11-09 01:39:52,132 - __main__ - INFO - 端口 1127 是关闭的。
2024-11-09 01:39:52,173 - __main__ - INFO - 端口 1128 是关闭的。
2024-11-09 01:39:52,212 - __main__ - INFO - 端口 1129 是关闭的。
2024-11-09 01:39:52,254 - __main__ - INFO - 端口 1130 是关闭的。
2024-11-09 01:39:52,295 - __main__ - INFO - 端口 1131 是关闭的。
2024-11-09 01:39:52,331 - __main__ - INFO - 端口 1132 是关闭的。
2024-11-09 01:39:52,376 - __main__ - INFO - 端口 1133 是关闭的。
2024-11-09 01:39:52,413 - __main__ - INFO - 端口 1134 是关闭的。
2024-11-09 01:39:52,455 - __main__ - INFO - 端口 1135 是关闭的。
2024-11-09 01:39:52,493 - __main__ - INFO - 端口 1136 是关闭的。
2024-11-09 01:39:52,529 - __main__ - INFO - 端口 1137 是关闭的。
2024-11-09 01:39:52,564 - __main__ - INFO - 端口 1138 是关闭的。
2024-11-09 01:39:52,601 - __main__ - INFO - 端口 1139 是关闭的。
2024-11-09 01:39:52,639 - __main__ - INFO - 端口 1140 是关闭的。
2024-11-09 01:39:52,679 - __main__ - INFO - 端口 1141 是关闭的。
2024-11-09 01:39:52,724 - __main__ - INFO - 端口 1142 是关闭的。
2024-11-09 01:39:52,765 - __main__ - INFO - 端口 1143 是关闭的。
2024-11-09 01:39:52,802 - __main__ - INFO - 端口 1144 是关闭的。
2024-11-09 01:39:52,840 - __main__ - INFO - 端口 1145 是关闭的。
2024-11-09 01:39:52,884 - __main__ - INFO - 端口 1146 是关闭的。
2024-11-09 01:39:52,923 - __main__ - INFO - 端口 1147 是关闭的。
2024-11-09 01:39:52,959 - __main__ - INFO - 端口 1148 是关闭的。
2024-11-09 01:39:52,999 - __main__ - INFO - 端口 1149 是关闭的。
2024-11-09 01:39:53,043 - __main__ - INFO - 端口 1150 是关闭的。
2024-11-09 01:39:53,087 - __main__ - INFO - 端口 1151 是关闭的。
2024-11-09 01:39:53,129 - __main__ - INFO - 端口 1152 是关闭的。
2024-11-09 01:39:53,169 - __main__ - INFO - 端口 1153 是关闭的。
2024-11-09 01:39:53,210 - __main__ - INFO - 端口 1154 是关闭的。
2024-11-09 01:39:53,246 - __main__ - INFO - 端口 1155 是关闭的。
2024-11-09 01:39:53,286 - __main__ - INFO - 端口 1156 是关闭的。
2024-11-09 01:39:53,324 - __main__ - INFO - 端口 1157 是关闭的。
2024-11-09 01:39:53,365 - __main__ - INFO - 端口 1158 是关闭的。
2024-11-09 01:39:53,406 - __main__ - INFO - 端口 1159 是关闭的。
2024-11-09 01:39:53,448 - __main__ - INFO - 端口 1160 是关闭的。
2024-11-09 01:39:53,488 - __main__ - INFO - 端口 1161 是关闭的。
2024-11-09 01:39:53,523 - __main__ - INFO - 端口 1162 是关闭的。
2024-11-09 01:39:53,559 - __main__ - INFO - 端口 1163 是关闭的。
2024-11-09 01:39:53,598 - __main__ - INFO - 端口 1164 是关闭的。
2024-11-09 01:39:53,641 - __main__ - INFO - 端口 1165 是关闭的。
2024-11-09 01:39:53,681 - __main__ - INFO - 端口 1166 是关闭的。
2024-11-09 01:39:53,717 - __main__ - INFO - 端口 1167 是关闭的。
2024-11-09 01:39:53,758 - __main__ - INFO - 端口 1168 是关闭的。
2024-11-09 01:39:53,799 - __main__ - INFO - 端口 1169 是关闭的。
2024-11-09 01:39:53,835 - __main__ - INFO - 端口 1170 是关闭的。
2024-11-09 01:39:53,877 - __main__ - INFO - 端口 1171 是关闭的。
2024-11-09 01:39:53,914 - __main__ - INFO - 端口 1172 是关闭的。
2024-11-09 01:39:53,954 - __main__ - INFO - 端口 1173 是关闭的。
2024-11-09 01:39:53,999 - __main__ - INFO - 端口 1174 是关闭的。
2024-11-09 01:39:54,036 - __main__ - INFO - 端口 1175 是关闭的。
2024-11-09 01:39:54,075 - __main__ - INFO - 端口 1176 是关闭的。
2024-11-09 01:39:54,112 - __main__ - INFO - 端口 1177 是关闭的。
2024-11-09 01:39:54,147 - __main__ - INFO - 端口 1178 是关闭的。
2024-11-09 01:39:54,185 - __main__ - INFO - 端口 1179 是关闭的。
2024-11-09 01:39:54,221 - __main__ - INFO - 端口 1180 是关闭的。
2024-11-09 01:39:54,258 - __main__ - INFO - 端口 1181 是关闭的。
2024-11-09 01:39:54,296 - __main__ - INFO - 端口 1182 是关闭的。
2024-11-09 01:39:54,331 - __main__ - INFO - 端口 1183 是关闭的。
2024-11-09 01:39:54,369 - __main__ - INFO - 端口 1184 是关闭的。
2024-11-09 01:39:54,407 - __main__ - INFO - 端口 1185 是关闭的。
2024-11-09 01:39:54,443 - __main__ - INFO - 端口 1186 是关闭的。
2024-11-09 01:39:54,485 - __main__ - INFO - 端口 1187 是关闭的。
2024-11-09 01:39:54,525 - __main__ - INFO - 端口 1188 是关闭的。
2024-11-09 01:39:54,562 - __main__ - INFO - 端口 1189 是关闭的。
2024-11-09 01:39:54,601 - __main__ - INFO - 端口 1190 是关闭的。
2024-11-09 01:39:54,643 - __main__ - INFO - 端口 1191 是关闭的。
2024-11-09 01:39:54,678 - __main__ - INFO - 端口 1192 是关闭的。
2024-11-09 01:39:54,716 - __main__ - INFO - 端口 1193 是关闭的。
2024-11-09 01:39:54,756 - __main__ - INFO - 端口 1194 是关闭的。
2024-11-09 01:39:54,798 - __main__ - INFO - 端口 1195 是关闭的。
2024-11-09 01:39:54,839 - __main__ - INFO - 端口 1196 是关闭的。
2024-11-09 01:39:54,881 - __main__ - INFO - 端口 1197 是关闭的。
2024-11-09 01:39:54,920 - __main__ - INFO - 端口 1198 是关闭的。
2024-11-09 01:39:54,957 - __main__ - INFO - 端口 1199 是关闭的。
2024-11-09 01:39:54,996 - __main__ - INFO - 端口 1200 是关闭的。
2024-11-09 01:39:55,031 - __main__ - INFO - 端口 1201 是关闭的。
2024-11-09 01:39:55,068 - __main__ - INFO - 端口 1202 是关闭的。
2024-11-09 01:39:55,105 - __main__ - INFO - 端口 1203 是关闭的。
2024-11-09 01:39:55,148 - __main__ - INFO - 端口 1204 是关闭的。
2024-11-09 01:39:55,184 - __main__ - INFO - 端口 1205 是关闭的。
2024-11-09 01:39:55,222 - __main__ - INFO - 端口 1206 是关闭的。
2024-11-09 01:39:55,262 - __main__ - INFO - 端口 1207 是关闭的。
2024-11-09 01:39:55,301 - __main__ - INFO - 端口 1208 是关闭的。
2024-11-09 01:39:55,340 - __main__ - INFO - 端口 1209 是关闭的。
2024-11-09 01:39:55,383 - __main__ - INFO - 端口 1210 是关闭的。
2024-11-09 01:39:55,428 - __main__ - INFO - 端口 1211 是关闭的。
2024-11-09 01:39:55,468 - __main__ - INFO - 端口 1212 是关闭的。
2024-11-09 01:39:55,511 - __main__ - INFO - 端口 1213 是关闭的。
2024-11-09 01:39:55,552 - __main__ - INFO - 端口 1214 是关闭的。
2024-11-09 01:39:55,591 - __main__ - INFO - 端口 1215 是关闭的。
2024-11-09 01:39:55,631 - __main__ - INFO - 端口 1216 是关闭的。
2024-11-09 01:39:55,668 - __main__ - INFO - 端口 1217 是关闭的。
2024-11-09 01:39:55,710 - __main__ - INFO - 端口 1218 是关闭的。
2024-11-09 01:39:55,749 - __main__ - INFO - 端口 1219 是关闭的。
2024-11-09 01:39:55,791 - __main__ - INFO - 端口 1220 是关闭的。
2024-11-09 01:39:55,827 - __main__ - INFO - 端口 1221 是关闭的。
2024-11-09 01:39:55,866 - __main__ - INFO - 端口 1222 是关闭的。
2024-11-09 01:39:55,909 - __main__ - INFO - 端口 1223 是关闭的。
2024-11-09 01:39:55,946 - __main__ - INFO - 端口 1224 是关闭的。
2024-11-09 01:39:55,984 - __main__ - INFO - 端口 1225 是关闭的。
2024-11-09 01:39:56,021 - __main__ - INFO - 端口 1226 是关闭的。
2024-11-09 01:39:56,060 - __main__ - INFO - 端口 1227 是关闭的。
2024-11-09 01:39:56,103 - __main__ - INFO - 端口 1228 是关闭的。
2024-11-09 01:39:56,142 - __main__ - INFO - 端口 1229 是关闭的。
2024-11-09 01:39:56,179 - __main__ - INFO - 端口 1230 是关闭的。
2024-11-09 01:39:56,219 - __main__ - INFO - 端口 1231 是关闭的。
2024-11-09 01:39:56,257 - __main__ - INFO - 端口 1232 是关闭的。
2024-11-09 01:39:56,297 - __main__ - INFO - 端口 1233 是关闭的。
2024-11-09 01:39:56,340 - __main__ - INFO - 端口 1234 是关闭的。
2024-11-09 01:39:56,374 - __main__ - INFO - 端口 1235 是关闭的。
2024-11-09 01:39:56,418 - __main__ - INFO - 端口 1236 是关闭的。
2024-11-09 01:39:56,455 - __main__ - INFO - 端口 1237 是关闭的。
2024-11-09 01:39:56,494 - __main__ - INFO - 端口 1238 是关闭的。
2024-11-09 01:39:56,530 - __main__ - INFO - 端口 1239 是关闭的。
2024-11-09 01:39:56,572 - __main__ - INFO - 端口 1240 是关闭的。
2024-11-09 01:39:56,609 - __main__ - INFO - 端口 1241 是关闭的。
2024-11-09 01:39:56,650 - __main__ - INFO - 端口 1242 是关闭的。
2024-11-09 01:39:56,685 - __main__ - INFO - 端口 1243 是关闭的。
2024-11-09 01:39:56,723 - __main__ - INFO - 端口 1244 是关闭的。
2024-11-09 01:39:56,761 - __main__ - INFO - 端口 1245 是关闭的。
2024-11-09 01:39:56,801 - __main__ - INFO - 端口 1246 是关闭的。
2024-11-09 01:39:56,838 - __main__ - INFO - 端口 1247 是关闭的。
2024-11-09 01:39:56,878 - __main__ - INFO - 端口 1248 是关闭的。
2024-11-09 01:39:56,916 - __main__ - INFO - 端口 1249 是关闭的。
2024-11-09 01:39:56,955 - __main__ - INFO - 端口 1250 是关闭的。
2024-11-09 01:39:56,990 - __main__ - INFO - 端口 1251 是关闭的。
2024-11-09 01:39:57,029 - __main__ - INFO - 端口 1252 是关闭的。
2024-11-09 01:39:57,066 - __main__ - INFO - 端口 1253 是关闭的。
2024-11-09 01:39:57,107 - __main__ - INFO - 端口 1254 是关闭的。
2024-11-09 01:39:57,150 - __main__ - INFO - 端口 1255 是关闭的。
2024-11-09 01:39:57,192 - __main__ - INFO - 端口 1256 是关闭的。
2024-11-09 01:39:57,233 - __main__ - INFO - 端口 1257 是关闭的。
2024-11-09 01:39:57,269 - __main__ - INFO - 端口 1258 是关闭的。
2024-11-09 01:39:57,306 - __main__ - INFO - 端口 1259 是关闭的。
2024-11-09 01:39:57,345 - __main__ - INFO - 端口 1260 是关闭的。
2024-11-09 01:39:57,388 - __main__ - INFO - 端口 1261 是关闭的。
2024-11-09 01:39:57,425 - __main__ - INFO - 端口 1262 是关闭的。
2024-11-09 01:39:57,463 - __main__ - INFO - 端口 1263 是关闭的。
2024-11-09 01:39:57,501 - __main__ - INFO - 端口 1264 是关闭的。
2024-11-09 01:39:57,539 - __main__ - INFO - 端口 1265 是关闭的。
2024-11-09 01:39:57,577 - __main__ - INFO - 端口 1266 是关闭的。
2024-11-09 01:39:57,616 - __main__ - INFO - 端口 1267 是关闭的。
2024-11-09 01:39:57,655 - __main__ - INFO - 端口 1268 是关闭的。
2024-11-09 01:39:57,691 - __main__ - INFO - 端口 1269 是关闭的。
2024-11-09 01:39:57,729 - __main__ - INFO - 端口 1270 是关闭的。
2024-11-09 01:39:57,766 - __main__ - INFO - 端口 1271 是关闭的。
2024-11-09 01:39:57,805 - __main__ - INFO - 端口 1272 是关闭的。
2024-11-09 01:39:57,838 - __main__ - INFO - 端口 1273 是关闭的。
2024-11-09 01:39:57,880 - __main__ - INFO - 端口 1274 是关闭的。
2024-11-09 01:39:57,921 - __main__ - INFO - 端口 1275 是关闭的。
2024-11-09 01:39:57,959 - __main__ - INFO - 端口 1276 是关闭的。
2024-11-09 01:39:57,998 - __main__ - INFO - 端口 1277 是关闭的。
2024-11-09 01:39:58,032 - __main__ - INFO - 端口 1278 是关闭的。
2024-11-09 01:39:58,073 - __main__ - INFO - 端口 1279 是关闭的。
2024-11-09 01:39:58,111 - __main__ - INFO - 端口 1280 是关闭的。
2024-11-09 01:39:58,152 - __main__ - INFO - 端口 1281 是关闭的。
2024-11-09 01:39:58,188 - __main__ - INFO - 端口 1282 是关闭的。
2024-11-09 01:39:58,226 - __main__ - INFO - 端口 1283 是关闭的。
2024-11-09 01:39:58,263 - __main__ - INFO - 端口 1284 是关闭的。
2024-11-09 01:39:58,301 - __main__ - INFO - 端口 1285 是关闭的。
2024-11-09 01:39:58,340 - __main__ - INFO - 端口 1286 是关闭的。
2024-11-09 01:39:58,379 - __main__ - INFO - 端口 1287 是关闭的。
2024-11-09 01:39:58,422 - __main__ - INFO - 端口 1288 是关闭的。
2024-11-09 01:39:58,460 - __main__ - INFO - 端口 1289 是关闭的。
2024-11-09 01:39:58,502 - __main__ - INFO - 端口 1290 是关闭的。
2024-11-09 01:39:58,540 - __main__ - INFO - 端口 1291 是关闭的。
2024-11-09 01:39:58,579 - __main__ - INFO - 端口 1292 是关闭的。
2024-11-09 01:39:58,614 - __main__ - INFO - 端口 1293 是关闭的。
2024-11-09 01:39:58,654 - __main__ - INFO - 端口 1294 是关闭的。
2024-11-09 01:39:58,694 - __main__ - INFO - 端口 1295 是关闭的。
2024-11-09 01:39:58,729 - __main__ - INFO - 端口 1296 是关闭的。
2024-11-09 01:39:58,770 - __main__ - INFO - 端口 1297 是关闭的。
2024-11-09 01:39:58,808 - __main__ - INFO - 端口 1298 是关闭的。
2024-11-09 01:39:58,847 - __main__ - INFO - 端口 1299 是关闭的。
2024-11-09 01:39:58,885 - __main__ - INFO - 端口 1300 是关闭的。
2024-11-09 01:39:58,924 - __main__ - INFO - 端口 1301 是关闭的。
2024-11-09 01:39:58,964 - __main__ - INFO - 端口 1302 是关闭的。
2024-11-09 01:39:59,002 - __main__ - INFO - 端口 1303 是关闭的。
2024-11-09 01:39:59,041 - __main__ - INFO - 端口 1304 是关闭的。
2024-11-09 01:39:59,076 - __main__ - INFO - 端口 1305 是关闭的。
2024-11-09 01:39:59,115 - __main__ - INFO - 端口 1306 是关闭的。
2024-11-09 01:39:59,156 - __main__ - INFO - 端口 1307 是关闭的。
2024-11-09 01:39:59,198 - __main__ - INFO - 端口 1308 是关闭的。
2024-11-09 01:39:59,234 - __main__ - INFO - 端口 1309 是关闭的。
2024-11-09 01:39:59,271 - __main__ - INFO - 端口 1310 是关闭的。
2024-11-09 01:39:59,307 - __main__ - INFO - 端口 1311 是关闭的。
2024-11-09 01:39:59,345 - __main__ - INFO - 端口 1312 是关闭的。
2024-11-09 01:39:59,388 - __main__ - INFO - 端口 1313 是关闭的。
2024-11-09 01:39:59,425 - __main__ - INFO - 端口 1314 是关闭的。
2024-11-09 01:39:59,464 - __main__ - INFO - 端口 1315 是关闭的。
2024-11-09 01:39:59,501 - __main__ - INFO - 端口 1316 是关闭的。
2024-11-09 01:39:59,545 - __main__ - INFO - 端口 1317 是关闭的。
2024-11-09 01:39:59,585 - __main__ - INFO - 端口 1318 是关闭的。
2024-11-09 01:39:59,621 - __main__ - INFO - 端口 1319 是关闭的。
2024-11-09 01:39:59,659 - __main__ - INFO - 端口 1320 是关闭的。
2024-11-09 01:39:59,694 - __main__ - INFO - 端口 1321 是关闭的。
2024-11-09 01:39:59,733 - __main__ - INFO - 端口 1322 是关闭的。
2024-11-09 01:39:59,773 - __main__ - INFO - 端口 1323 是关闭的。
2024-11-09 01:39:59,814 - __main__ - INFO - 端口 1324 是关闭的。
2024-11-09 01:39:59,856 - __main__ - INFO - 端口 1325 是关闭的。
2024-11-09 01:39:59,895 - __main__ - INFO - 端口 1326 是关闭的。
2024-11-09 01:39:59,932 - __main__ - INFO - 端口 1327 是关闭的。
2024-11-09 01:39:59,971 - __main__ - INFO - 端口 1328 是关闭的。
2024-11-09 01:40:00,010 - __main__ - INFO - 端口 1329 是关闭的。
2024-11-09 01:40:00,045 - __main__ - INFO - 端口 1330 是关闭的。
2024-11-09 01:40:00,081 - __main__ - INFO - 端口 1331 是关闭的。
2024-11-09 01:40:00,116 - __main__ - INFO - 端口 1332 是关闭的。
2024-11-09 01:40:00,154 - __main__ - INFO - 端口 1333 是关闭的。
2024-11-09 01:40:00,191 - __main__ - INFO - 端口 1334 是关闭的。
2024-11-09 01:40:00,229 - __main__ - INFO - 端口 1335 是关闭的。
2024-11-09 01:40:00,266 - __main__ - INFO - 端口 1336 是关闭的。
2024-11-09 01:40:00,302 - __main__ - INFO - 端口 1337 是关闭的。
2024-11-09 01:40:00,336 - __main__ - INFO - 端口 1338 是关闭的。
2024-11-09 01:40:00,378 - __main__ - INFO - 端口 1339 是关闭的。
2024-11-09 01:40:00,418 - __main__ - INFO - 端口 1340 是关闭的。
2024-11-09 01:40:00,455 - __main__ - INFO - 端口 1341 是关闭的。
2024-11-09 01:40:00,493 - __main__ - INFO - 端口 1342 是关闭的。
2024-11-09 01:40:00,535 - __main__ - INFO - 端口 1343 是关闭的。
2024-11-09 01:40:00,577 - __main__ - INFO - 端口 1344 是关闭的。
2024-11-09 01:40:00,617 - __main__ - INFO - 端口 1345 是关闭的。
2024-11-09 01:40:00,657 - __main__ - INFO - 端口 1346 是关闭的。
2024-11-09 01:40:00,695 - __main__ - INFO - 端口 1347 是关闭的。
2024-11-09 01:40:00,733 - __main__ - INFO - 端口 1348 是关闭的。
2024-11-09 01:40:00,774 - __main__ - INFO - 端口 1349 是关闭的。
2024-11-09 01:40:00,811 - __main__ - INFO - 端口 1350 是关闭的。
2024-11-09 01:40:00,846 - __main__ - INFO - 端口 1351 是关闭的。
2024-11-09 01:40:00,888 - __main__ - INFO - 端口 1352 是关闭的。
2024-11-09 01:40:00,930 - __main__ - INFO - 端口 1353 是关闭的。
2024-11-09 01:40:00,965 - __main__ - INFO - 端口 1354 是关闭的。
2024-11-09 01:40:01,004 - __main__ - INFO - 端口 1355 是关闭的。
2024-11-09 01:40:01,040 - __main__ - INFO - 端口 1356 是关闭的。
2024-11-09 01:40:01,081 - __main__ - INFO - 端口 1357 是关闭的。
2024-11-09 01:40:01,118 - __main__ - INFO - 端口 1358 是关闭的。
2024-11-09 01:40:01,160 - __main__ - INFO - 端口 1359 是关闭的。
2024-11-09 01:40:01,185 - __main__ - INFO - 程序被手动终止。
2024-11-09 01:40:03,570 - __main__ - INFO - 读取到的API_KEY: 3d70d2b6241d32aa5d8c0a2f7a4ab5d1
2024-11-09 01:40:03,573 - __main__ - INFO - 机器人启动中...
