2024-11-05 05:52:19,351 [INFO] start (ws_async_manager.py:54): [连接管理]程序启动...
2024-11-05 05:52:19,351 [INFO] run (ws_async_pool.py:34): [连接池]最大并发连接数: 1, 启动会话数: 1
2024-11-05 05:52:19,351 [INFO] new_connect (ws_async_manager.py:110): [连接管理]新会话启动中...
2024-11-05 05:52:19,351 [INFO] connect (ws_async_client.py:79): [ws连接]启动中...
2024-11-05 05:52:19,579 [INFO] identify (ws_async_client.py:113): [ws连接]鉴权中...
2024-11-05 05:52:19,579 [INFO] _send_heartbeat (ws_async_client.py:193): [ws连接]心跳检测启动...
2024-11-05 05:52:19,708 [INFO] on_message (ws_async_client.py:57): [ws连接]鉴权成功
2024-11-05 05:52:19,708 [INFO] on_message (ws_async_client.py:62): [ws连接]程序启动成功！
2024-11-05 06:11:55,623 [INFO] start (ws_async_manager.py:54): [连接管理]程序启动...
2024-11-05 06:11:55,623 [INFO] run (ws_async_pool.py:34): [连接池]最大并发连接数: 1, 启动会话数: 1
2024-11-05 06:11:55,623 [INFO] new_connect (ws_async_manager.py:110): [连接管理]新会话启动中...
2024-11-05 06:11:55,623 [INFO] connect (ws_async_client.py:79): [ws连接]启动中...
2024-11-05 06:11:55,883 [INFO] identify (ws_async_client.py:113): [ws连接]鉴权中...
2024-11-05 06:11:55,883 [INFO] _send_heartbeat (ws_async_client.py:193): [ws连接]心跳检测启动...
2024-11-05 06:11:56,020 [INFO] on_message (ws_async_client.py:57): [ws连接]鉴权成功
2024-11-05 06:11:56,020 [INFO] on_message (ws_async_client.py:62): [ws连接]程序启动成功！
2024-11-05 11:00:54,209 [INFO] start (ws_async_manager.py:54): [连接管理]程序启动...
2024-11-05 11:00:54,209 [INFO] run (ws_async_pool.py:34): [连接池]最大并发连接数: 1, 启动会话数: 1
2024-11-05 11:00:54,213 [INFO] new_connect (ws_async_manager.py:110): [连接管理]新会话启动中...
2024-11-05 11:00:54,213 [INFO] connect (ws_async_client.py:79): [ws连接]启动中...
2024-11-05 11:00:54,365 [INFO] identify (ws_async_client.py:113): [ws连接]鉴权中...
2024-11-05 11:00:54,365 [INFO] _send_heartbeat (ws_async_client.py:193): [ws连接]心跳检测启动...
2024-11-05 11:00:54,457 [INFO] on_message (ws_async_client.py:57): [ws连接]鉴权成功
2024-11-05 11:00:54,457 [INFO] on_message (ws_async_client.py:62): [ws连接]程序启动成功！
