2024-11-05 04:42:56,028 - INFO - ...
2024-11-05 04:42:56,440 - INFO - [ӹ]...
2024-11-05 04:42:56,451 - INFO - [ӳ]󲢷: 1, Ự: 1
2024-11-05 04:42:56,451 - INFO - [ӹ]»Ự...
2024-11-05 04:42:56,451 - INFO - [ws]...
2024-11-05 04:42:56,687 - INFO - [ws]Ȩ...
2024-11-05 04:42:56,687 - INFO - [ws]...
2024-11-05 04:42:56,827 - INFO - [ws]Ȩɹ
2024-11-05 04:42:56,827 - INFO - [ws]ɹ
2024-11-05 04:43:10,940 - INFO - յϢ״̬
2024-11-05 04:43:11,947 - INFO - ظ״̬
2024-11-05 04:43:22,630 - INFO - յϢ/ 
2024-11-05 04:43:23,117 - INFO - ظ󣺹ݵǣ¶Ϊ 22 C
2024-11-05 04:45:27,967 - INFO - [ӹ]ǿֹͣ!
2024-11-05 04:45:29,687 - INFO - ...
2024-11-05 04:45:30,126 - INFO - [ӹ]...
2024-11-05 04:45:30,127 - INFO - [ӳ]󲢷: 1, Ự: 1
2024-11-05 04:45:30,127 - INFO - [ӹ]»Ự...
2024-11-05 04:45:30,127 - INFO - [ws]...
2024-11-05 04:45:30,418 - INFO - [ws]Ȩ...
2024-11-05 04:45:30,418 - INFO - [ws]...
2024-11-05 04:45:30,538 - INFO - [ws]Ȩɹ
2024-11-05 04:45:30,538 - INFO - [ws]ɹ
2024-11-05 04:45:37,577 - INFO - յϢ״̬
2024-11-05 04:45:38,588 - INFO - ظ״̬
2024-11-05 04:46:44,858 - INFO - յϢ/״̬
2024-11-05 04:46:45,865 - INFO - ظ״̬
2024-11-05 04:48:32,276 - INFO - յϢ/״̬
2024-11-05 04:48:33,282 - INFO - ظ״̬
2024-11-05 05:52:18,977 - INFO - 机器人启动中...
2024-11-05 05:52:19,351 - INFO - [连接管理]程序启动...
2024-11-05 05:52:19,351 - INFO - [连接池]最大并发连接数: 1, 启动会话数: 1
2024-11-05 05:52:19,351 - INFO - [连接管理]新会话启动中...
2024-11-05 05:52:19,351 - INFO - [ws连接]启动中...
2024-11-05 05:52:19,579 - INFO - [ws连接]鉴权中...
2024-11-05 05:52:19,579 - INFO - [ws连接]心跳检测启动...
2024-11-05 05:52:19,708 - INFO - [ws连接]鉴权成功
2024-11-05 05:52:19,708 - INFO - [ws连接]程序启动成功！
2024-11-05 06:11:55,179 - INFO - 机器人启动中...
2024-11-05 06:11:55,623 - INFO - [连接管理]程序启动...
2024-11-05 06:11:55,623 - INFO - [连接池]最大并发连接数: 1, 启动会话数: 1
2024-11-05 06:11:55,623 - INFO - [连接管理]新会话启动中...
2024-11-05 06:11:55,623 - INFO - [ws连接]启动中...
2024-11-05 06:11:55,883 - INFO - [ws连接]鉴权中...
2024-11-05 06:11:55,883 - INFO - [ws连接]心跳检测启动...
2024-11-05 06:11:56,020 - INFO - [ws连接]鉴权成功
2024-11-05 06:11:56,020 - INFO - [ws连接]程序启动成功！
2024-11-05 06:12:21,178 - INFO - 收到消息：/天气
2024-11-05 06:12:21,178 - INFO - 回复天气请求：格式不正确，请使用：天气 <城市名>
2024-11-05 06:12:30,704 - INFO - 收到消息：/天气 柳州
2024-11-05 06:12:31,173 - INFO - 回复天气请求：柳州的天气是：多云，温度为 20 °C
2024-11-05 06:12:34,724 - INFO - 收到消息：/运行状态
2024-11-05 06:12:35,728 - INFO - 回复运行状态请求
2024-11-05 11:00:22,360 - INFO - 机器人启动中...
2024-11-05 11:00:52,984 - INFO - 机器人启动中...
2024-11-05 11:00:54,209 - INFO - [连接管理]程序启动...
2024-11-05 11:00:54,209 - INFO - [连接池]最大并发连接数: 1, 启动会话数: 1
2024-11-05 11:00:54,213 - INFO - [连接管理]新会话启动中...
2024-11-05 11:00:54,213 - INFO - [ws连接]启动中...
2024-11-05 11:00:54,365 - INFO - [ws连接]鉴权中...
2024-11-05 11:00:54,365 - INFO - [ws连接]心跳检测启动...
2024-11-05 11:00:54,457 - INFO - [ws连接]鉴权成功
2024-11-05 11:00:54,457 - INFO - [ws连接]程序启动成功！
2024-11-05 11:01:30,614 - INFO - 收到消息：/运行状态
2024-11-05 11:01:31,633 - INFO - 回复运行状态请求
2024-11-05 11:01:47,225 - INFO - 收到消息：/天气
2024-11-05 11:01:47,225 - INFO - 回复天气请求：格式不正确，请使用：天气 <城市名>
2024-11-05 11:01:55,760 - INFO - 收到消息：/天气 北京
2024-11-05 11:01:56,001 - INFO - 回复天气请求：北京的天气是：晴，温度为 11 °C
2024-11-05 11:02:04,322 - INFO - 收到消息：/天气 南宁
2024-11-05 11:02:04,548 - INFO - 回复天气请求：南宁的天气是：多云，温度为 24 °C
